<?xml version="1.0" encoding="UTF-8"?>
<robot generator="Robot 5.0.1 (Python 3.9.13 on linux)" generated="20220930 07:45:24.288" rpa="true" schemaversion="3">
<suite id="s1" name="Tasks" source="/home/kali/Documents/VAPT_Automation/tasks.robot">
<test id="s1-t1" name="VAPT Automation" line="27">
<kw name="Create TimeStamp and LogFile">
<var>${logFilePath}</var>
<kw name="Get Time" library="BuiltIn">
<var>${timeStamp}</var>
<arg>format=ddMMYYYY</arg>
<arg>time_=NOW</arg>
<doc>Returns the given time in the requested format.</doc>
<msg timestamp="20220930 07:45:25.793" level="INFO">${timeStamp} = 2022-09-30 07:45:25</msg>
<status status="PASS" starttime="20220930 07:45:25.792" endtime="20220930 07:45:25.793"/>
</kw>
<kw name="Replace String" library="String">
<var>${timeStamp}</var>
<arg>${timeStamp}</arg>
<arg>${SPACE}</arg>
<arg>_</arg>
<doc>Replaces ``search_for`` in the given ``string`` with ``replace_with``.</doc>
<msg timestamp="20220930 07:45:25.794" level="INFO">${timeStamp} = 2022-09-30_07:45:25</msg>
<status status="PASS" starttime="20220930 07:45:25.793" endtime="20220930 07:45:25.794"/>
</kw>
<kw name="Replace String" library="String">
<var>${timeStamp}</var>
<arg>${timeStamp}</arg>
<arg>-</arg>
<arg>${EMPTY}</arg>
<doc>Replaces ``search_for`` in the given ``string`` with ``replace_with``.</doc>
<msg timestamp="20220930 07:45:25.795" level="INFO">${timeStamp} = 20220930_07:45:25</msg>
<status status="PASS" starttime="20220930 07:45:25.794" endtime="20220930 07:45:25.795"/>
</kw>
<kw name="Replace String" library="String">
<var>${timeStamp}</var>
<arg>${timeStamp}</arg>
<arg>:</arg>
<arg>${EMPTY}</arg>
<doc>Replaces ``search_for`` in the given ``string`` with ``replace_with``.</doc>
<msg timestamp="20220930 07:45:25.796" level="INFO">${timeStamp} = 20220930_074525</msg>
<status status="PASS" starttime="20220930 07:45:25.795" endtime="20220930 07:45:25.796"/>
</kw>
<kw name="Catenate" library="BuiltIn">
<var>${logFilePath}</var>
<arg>${logFilePath}</arg>
<arg>_</arg>
<arg>${timeStamp}</arg>
<arg>.txt</arg>
<doc>Catenates the given items together and returns the resulted string.</doc>
<msg timestamp="20220930 07:45:25.796" level="INFO">${logFilePath} = /home/kali/Documents/VAPT_Automation/Logs/Log _ 20220930_074525 .txt</msg>
<status status="PASS" starttime="20220930 07:45:25.796" endtime="20220930 07:45:25.796"/>
</kw>
<kw name="Create File" library="OperatingSystem">
<arg>${logFilePath}</arg>
<doc>Creates a file with the given content and encoding.</doc>
<msg timestamp="20220930 07:45:25.797" level="INFO" html="true">Created file '&lt;a href="file:///home/kali/Documents/VAPT_Automation/Logs/Log _ 20220930_074525 .txt"&gt;/home/kali/Documents/VAPT_Automation/Logs/Log _ 20220930_074525 .txt&lt;/a&gt;'.</msg>
<status status="PASS" starttime="20220930 07:45:25.796" endtime="20220930 07:45:25.797"/>
</kw>
<kw name="Append To File" library="OperatingSystem">
<arg>${logFilePath}</arg>
<arg>${timeStamp} : VAPT Process Started${\n}</arg>
<doc>Appends the given content to the specified file.</doc>
<msg timestamp="20220930 07:45:25.798" level="INFO" html="true">Appended to file '&lt;a href="file:///home/kali/Documents/VAPT_Automation/Logs/Log _ 20220930_074525 .txt"&gt;/home/kali/Documents/VAPT_Automation/Logs/Log _ 20220930_074525 .txt&lt;/a&gt;'.</msg>
<status status="PASS" starttime="20220930 07:45:25.797" endtime="20220930 07:45:25.798"/>
</kw>
<return>
<value>${logFilePath}</value>
<status status="PASS" starttime="20220930 07:45:25.798" endtime="20220930 07:45:25.798"/>
</return>
<msg timestamp="20220930 07:45:25.799" level="INFO">${logFilePath} = /home/kali/Documents/VAPT_Automation/Logs/Log _ 20220930_074525 .txt</msg>
<status status="PASS" starttime="20220930 07:45:25.791" endtime="20220930 07:45:25.799"/>
</kw>
<kw name="Open Input File and Get Target Urls">
<var>@{targetUrlList}</var>
<arg>${logFilePath}</arg>
<kw name="Append To File" library="OperatingSystem">
<arg>${logFilePath}</arg>
<arg>Reading input file${\n}</arg>
<doc>Appends the given content to the specified file.</doc>
<msg timestamp="20220930 07:45:25.800" level="INFO" html="true">Appended to file '&lt;a href="file:///home/kali/Documents/VAPT_Automation/Logs/Log _ 20220930_074525 .txt"&gt;/home/kali/Documents/VAPT_Automation/Logs/Log _ 20220930_074525 .txt&lt;/a&gt;'.</msg>
<status status="PASS" starttime="20220930 07:45:25.799" endtime="20220930 07:45:25.800"/>
</kw>
<kw name="Get File" library="OperatingSystem">
<var>${input}</var>
<arg>${inputFileName}</arg>
<arg>encoding=utf-8-sig</arg>
<doc>Returns the contents of a specified file.</doc>
<msg timestamp="20220930 07:45:25.800" level="INFO" html="true">Getting file '&lt;a href="file:///home/kali/Documents/VAPT_Automation/Input/VAPT_InputFile.csv"&gt;/home/kali/Documents/VAPT_Automation/Input/VAPT_InputFile.csv&lt;/a&gt;'.</msg>
<msg timestamp="20220930 07:45:25.802" level="INFO">${input} = https://www.tnpconsultants.com/
https://www.sonymusic.com/
</msg>
<status status="PASS" starttime="20220930 07:45:25.800" endtime="20220930 07:45:25.802"/>
</kw>
<kw name="Create List" library="BuiltIn">
<var>@{inputList}</var>
<arg>${input}</arg>
<doc>Returns a list containing given items.</doc>
<msg timestamp="20220930 07:45:25.803" level="INFO">@{inputList} = [ https://www.tnpconsultants.com/
https://www.sonymusic.com/
 ]</msg>
<status status="PASS" starttime="20220930 07:45:25.802" endtime="20220930 07:45:25.803"/>
</kw>
<kw name="Split To Lines" library="String">
<var>@{targetUrlList}</var>
<arg>@{inputList}</arg>
<doc>Splits the given string to lines.</doc>
<msg timestamp="20220930 07:45:25.803" level="INFO">2 lines returned</msg>
<msg timestamp="20220930 07:45:25.803" level="INFO">@{targetUrlList} = [ https://www.tnpconsultants.com/ | https://www.sonymusic.com/ ]</msg>
<status status="PASS" starttime="20220930 07:45:25.803" endtime="20220930 07:45:25.803"/>
</kw>
<kw name="Append To File" library="OperatingSystem">
<arg>${logFilePath}</arg>
<arg>Target urls are @{targetUrlList}${\n}</arg>
<doc>Appends the given content to the specified file.</doc>
<msg timestamp="20220930 07:45:25.804" level="INFO" html="true">Appended to file '&lt;a href="file:///home/kali/Documents/VAPT_Automation/Logs/Log _ 20220930_074525 .txt"&gt;/home/kali/Documents/VAPT_Automation/Logs/Log _ 20220930_074525 .txt&lt;/a&gt;'.</msg>
<status status="PASS" starttime="20220930 07:45:25.803" endtime="20220930 07:45:25.804"/>
</kw>
<return>
<value>@{targetUrlList}</value>
<status status="PASS" starttime="20220930 07:45:25.804" endtime="20220930 07:45:25.804"/>
</return>
<msg timestamp="20220930 07:45:25.804" level="INFO">@{targetUrlList} = [ https://www.tnpconsultants.com/ | https://www.sonymusic.com/ ]</msg>
<status status="PASS" starttime="20220930 07:45:25.799" endtime="20220930 07:45:25.804"/>
</kw>
<kw name="Open Test Config File and Get Test cases">
<arg>${logFilePath}</arg>
<arg>${targetUrlList}</arg>
<kw name="Get File" library="OperatingSystem">
<var>${testCaseConfig}</var>
<arg>${testCasesPrimaryConfig}</arg>
<arg>encoding=utf-8-sig</arg>
<doc>Returns the contents of a specified file.</doc>
<msg timestamp="20220930 07:45:25.806" level="INFO" html="true">Getting file '&lt;a href="file:///home/kali/Documents/VAPT_Automation/Input/VAPT_Test_Config_Primary.csv"&gt;/home/kali/Documents/VAPT_Automation/Input/VAPT_Test_Config_Primary.csv&lt;/a&gt;'.</msg>
<msg timestamp="20220930 07:45:25.806" level="INFO">${testCaseConfig} = CMS Detection,YES
Plugin Detection,YES
WP SCAN,YES
Cross site scripting,NO
</msg>
<status status="PASS" starttime="20220930 07:45:25.805" endtime="20220930 07:45:25.806"/>
</kw>
<kw name="Create List" library="BuiltIn">
<var>@{testCaseConfigList}</var>
<arg>${testCaseConfig}</arg>
<doc>Returns a list containing given items.</doc>
<msg timestamp="20220930 07:45:25.806" level="INFO">@{testCaseConfigList} = [ CMS Detection,YES
Plugin Detection,YES
WP SCAN,YES
Cross site scripting,NO
 ]</msg>
<status status="PASS" starttime="20220930 07:45:25.806" endtime="20220930 07:45:25.806"/>
</kw>
<kw name="Split To Lines" library="String">
<var>@{testcaseList}</var>
<arg>@{testCaseConfigList}</arg>
<doc>Splits the given string to lines.</doc>
<msg timestamp="20220930 07:45:25.807" level="INFO">4 lines returned</msg>
<msg timestamp="20220930 07:45:25.807" level="INFO">@{testcaseList} = [ CMS Detection,YES | Plugin Detection,YES | WP SCAN,YES | Cross site scripting,NO ]</msg>
<status status="PASS" starttime="20220930 07:45:25.807" endtime="20220930 07:45:25.807"/>
</kw>
<for flavor="IN">
<var>${testcase}</var>
<value>@{testcaseList}</value>
<iter>
<var name="${testcase}">CMS Detection,YES</var>
<kw name="Split String" library="String">
<var>${value}</var>
<arg>${testcase}</arg>
<arg>,</arg>
<doc>Splits the ``string`` using ``separator`` as a delimiter string.</doc>
<msg timestamp="20220930 07:45:25.808" level="INFO">${value} = ['CMS Detection', 'YES']</msg>
<status status="PASS" starttime="20220930 07:45:25.808" endtime="20220930 07:45:25.808"/>
</kw>
<kw name="Append To File" library="OperatingSystem">
<arg>${logFilePath}</arg>
<arg>Test case status:@{value}${\n}</arg>
<doc>Appends the given content to the specified file.</doc>
<msg timestamp="20220930 07:45:25.809" level="INFO" html="true">Appended to file '&lt;a href="file:///home/kali/Documents/VAPT_Automation/Logs/Log _ 20220930_074525 .txt"&gt;/home/kali/Documents/VAPT_Automation/Logs/Log _ 20220930_074525 .txt&lt;/a&gt;'.</msg>
<status status="PASS" starttime="20220930 07:45:25.808" endtime="20220930 07:45:25.809"/>
</kw>
<kw name="Get From List" library="Collections">
<var>${typeOfTesting}</var>
<arg>${value}</arg>
<arg>0</arg>
<doc>Returns the value specified with an ``index`` from ``list``.</doc>
<msg timestamp="20220930 07:45:25.809" level="INFO">${typeOfTesting} = CMS Detection</msg>
<status status="PASS" starttime="20220930 07:45:25.809" endtime="20220930 07:45:25.809"/>
</kw>
<kw name="Log To Console" library="BuiltIn">
<arg>${typeOfTesting}</arg>
<doc>Logs the given message to the console.</doc>
<status status="PASS" starttime="20220930 07:45:25.809" endtime="20220930 07:45:25.810"/>
</kw>
<kw name="Get From List" library="Collections">
<var>${flagValue}</var>
<arg>${value}</arg>
<arg>1</arg>
<doc>Returns the value specified with an ``index`` from ``list``.</doc>
<msg timestamp="20220930 07:45:25.810" level="INFO">${flagValue} = YES</msg>
<status status="PASS" starttime="20220930 07:45:25.810" endtime="20220930 07:45:25.810"/>
</kw>
<kw name="Log To Console" library="BuiltIn">
<arg>${flagValue}</arg>
<doc>Logs the given message to the console.</doc>
<status status="PASS" starttime="20220930 07:45:25.810" endtime="20220930 07:45:25.811"/>
</kw>
<if>
<branch type="IF" condition="&quot;${flagValue}&quot; == &quot;YES&quot;">
<if>
<branch type="IF" condition="'${typeOfTesting}' =='CMS Detection'">
<for flavor="IN">
<var>${url}</var>
<value>@{targetUrlList}</value>
<iter>
<var name="${url}">https://www.tnpconsultants.com/</var>
<kw name="Append To File" library="OperatingSystem">
<arg>${logFilePath}</arg>
<arg>Excecuting CMS detection for ${url}${\n}</arg>
<doc>Appends the given content to the specified file.</doc>
<msg timestamp="20220930 07:45:25.815" level="INFO" html="true">Appended to file '&lt;a href="file:///home/kali/Documents/VAPT_Automation/Logs/Log _ 20220930_074525 .txt"&gt;/home/kali/Documents/VAPT_Automation/Logs/Log _ 20220930_074525 .txt&lt;/a&gt;'.</msg>
<status status="PASS" starttime="20220930 07:45:25.814" endtime="20220930 07:45:25.815"/>
</kw>
<kw name="CMS Detection">
<arg>${url}</arg>
<arg>${logFilePath}</arg>
<kw name="Log To Console" library="BuiltIn">
<arg>${logFilePath}</arg>
<doc>Logs the given message to the console.</doc>
<status status="PASS" starttime="20220930 07:45:25.816" endtime="20220930 07:45:25.816"/>
</kw>
<kw name="Append To File" library="OperatingSystem">
<arg>${logFilePath}</arg>
<arg>Inside CMS Detection workflow ${url}${\n}</arg>
<doc>Appends the given content to the specified file.</doc>
<msg timestamp="20220930 07:45:25.817" level="INFO" html="true">Appended to file '&lt;a href="file:///home/kali/Documents/VAPT_Automation/Logs/Log _ 20220930_074525 .txt"&gt;/home/kali/Documents/VAPT_Automation/Logs/Log _ 20220930_074525 .txt&lt;/a&gt;'.</msg>
<status status="PASS" starttime="20220930 07:45:25.816" endtime="20220930 07:45:25.817"/>
</kw>
<kw name="Open Available Browser" library="RPA.Browser">
<arg>${cmsDetectUrl}</arg>
<doc>Attempts to open a browser on the user's device from a set of
supported browsers. Automatically downloads a corresponding webdriver
if none is already installed.</doc>
<msg timestamp="20220930 07:45:25.818" level="INFO">Creating an instance of the Chrome WebDriver.</msg>
<msg timestamp="20220930 07:45:25.827" level="INFO">====== WebDriver manager ======</msg>
<msg timestamp="20220930 07:45:26.256" level="INFO">Creating an instance of the Chrome WebDriver.</msg>
<msg timestamp="20220930 07:45:27.168" level="INFO">Created Chrome browser with arguments: --disable-dev-shm-usage --disable-web-security --allow-running-insecure-content --no-sandbox</msg>
<msg timestamp="20220930 07:45:27.169" level="INFO" html="true">&lt;p&gt;Attempted combinations:&lt;/p&gt;&lt;div class="doc"&gt;&lt;table&gt;&lt;tr&gt;&lt;th&gt;Browser&lt;/th&gt;&lt;th&gt;Download&lt;/th&gt;&lt;th&gt;Error&lt;/th&gt;&lt;/tr&gt;&lt;tr&gt;&lt;td&gt;Chrome&lt;/td&gt;&lt;td&gt;False&lt;/td&gt;&lt;td&gt;Message: 'chromedriver' executable needs to be in PATH. Please see https://chromedriver.chromium.org/home
&lt;/td&gt;&lt;/tr&gt;&lt;tr&gt;&lt;td&gt;Chrome&lt;/td&gt;&lt;td&gt;True&lt;/td&gt;&lt;td&gt;&lt;/td&gt;&lt;/tr&gt;&lt;/table&gt;&lt;/div&gt;</msg>
<msg timestamp="20220930 07:45:27.169" level="INFO">Opening url 'https://cmsdetect.com/'</msg>
<status status="PASS" starttime="20220930 07:45:25.817" endtime="20220930 07:45:28.219"/>
</kw>
<kw name="Maximize Browser Window" library="RPA.Browser">
<doc>Maximizes current browser window.</doc>
<status status="PASS" starttime="20220930 07:45:28.220" endtime="20220930 07:45:28.327"/>
</kw>
<kw name="Append To File" library="OperatingSystem">
<arg>${logFilePath}</arg>
<arg>opening ${cmsDetectUrl}${\n}</arg>
<doc>Appends the given content to the specified file.</doc>
<msg timestamp="20220930 07:45:28.328" level="INFO" html="true">Appended to file '&lt;a href="file:///home/kali/Documents/VAPT_Automation/Logs/Log _ 20220930_074525 .txt"&gt;/home/kali/Documents/VAPT_Automation/Logs/Log _ 20220930_074525 .txt&lt;/a&gt;'.</msg>
<status status="PASS" starttime="20220930 07:45:28.328" endtime="20220930 07:45:28.328"/>
</kw>
<kw name="Sleep" library="BuiltIn">
<arg>2s</arg>
<doc>Pauses the test executed for the given time.</doc>
<msg timestamp="20220930 07:45:30.330" level="INFO">Slept 2 seconds</msg>
<status status="PASS" starttime="20220930 07:45:28.329" endtime="20220930 07:45:30.331"/>
</kw>
<kw name="Input Text" library="RPA.Browser">
<arg>url</arg>
<arg>${url}</arg>
<doc>Types the given ``text`` into the text field identified by ``locator``.</doc>
<msg timestamp="20220930 07:45:30.334" level="INFO">Typing text 'https://www.tnpconsultants.com/' into text field 'url'.</msg>
<status status="PASS" starttime="20220930 07:45:30.332" endtime="20220930 07:45:30.477"/>
</kw>
<kw name="Append To File" library="OperatingSystem">
<arg>${logFilePath}</arg>
<arg>entered input url${\n}</arg>
<doc>Appends the given content to the specified file.</doc>
<msg timestamp="20220930 07:45:30.478" level="INFO" html="true">Appended to file '&lt;a href="file:///home/kali/Documents/VAPT_Automation/Logs/Log _ 20220930_074525 .txt"&gt;/home/kali/Documents/VAPT_Automation/Logs/Log _ 20220930_074525 .txt&lt;/a&gt;'.</msg>
<status status="PASS" starttime="20220930 07:45:30.478" endtime="20220930 07:45:30.478"/>
</kw>
<kw name="Click Button" library="RPA.Browser">
<arg>//button[contains(text(),'Detect CMS')]</arg>
<doc>Clicks the button identified by ``locator``.</doc>
<msg timestamp="20220930 07:45:30.479" level="INFO">Clicking button '//button[contains(text(),'Detect CMS')]'.</msg>
<status status="PASS" starttime="20220930 07:45:30.479" endtime="20220930 07:45:34.374"/>
</kw>
<kw name="Sleep" library="BuiltIn">
<arg>2s</arg>
<doc>Pauses the test executed for the given time.</doc>
<msg timestamp="20220930 07:45:36.375" level="INFO">Slept 2 seconds</msg>
<status status="PASS" starttime="20220930 07:45:34.374" endtime="20220930 07:45:36.375"/>
</kw>
<kw name="Get Text" library="RPA.Browser">
<var>${errormsg}</var>
<arg>//body/div[2]/div[1]/div[3]/div[1]</arg>
<doc>Returns the text value of the element identified by ``locator``.</doc>
<msg timestamp="20220930 07:45:36.470" level="INFO">${errormsg} = www.tnpconsultants.com is built using WordPress
47.8% of sites detected by us use WordPress.
Wordpress
Shopify
Laravel
Magento
Wix
The Rest
47.8%
23.2%
5.5%
7.6%
10.3%
If you believe this result is wr...</msg>
<status status="PASS" starttime="20220930 07:45:36.376" endtime="20220930 07:45:36.471"/>
</kw>
<kw name="Get Substring" library="String">
<var>${errormsg1}</var>
<arg>${errormsg}</arg>
<arg>0</arg>
<arg>36</arg>
<doc>Returns a substring from ``start`` index to ``end`` index.</doc>
<msg timestamp="20220930 07:45:36.471" level="INFO">${errormsg1} = www.tnpconsultants.com is built usin</msg>
<status status="PASS" starttime="20220930 07:45:36.471" endtime="20220930 07:45:36.471"/>
</kw>
<if>
<branch type="IF" condition="&quot;${errormsg1}&quot; == &quot;${subStringError}&quot;">
<kw name="Append To File" library="OperatingSystem">
<arg>${logFilePath}</arg>
<arg>Wordpress website identified${\n}</arg>
<doc>Appends the given content to the specified file.</doc>
<status status="NOT RUN" starttime="20220930 07:45:36.472" endtime="20220930 07:45:36.472"/>
</kw>
<kw name="Catenate" library="BuiltIn">
<var>${screenshotFileName}</var>
<arg>${screenShotFilePath}/CMS_Detection_Result.png</arg>
<doc>Catenates the given items together and returns the resulted string.</doc>
<status status="NOT RUN" starttime="20220930 07:45:36.472" endtime="20220930 07:45:36.472"/>
</kw>
<kw name="Log To Console" library="BuiltIn">
<arg>${screenshotFileName}</arg>
<doc>Logs the given message to the console.</doc>
<status status="NOT RUN" starttime="20220930 07:45:36.472" endtime="20220930 07:45:36.472"/>
</kw>
<kw name="Maximize Browser Window" library="RPA.Browser">
<doc>Maximizes current browser window.</doc>
<status status="NOT RUN" starttime="20220930 07:45:36.473" endtime="20220930 07:45:36.473"/>
</kw>
<kw name="Take Screenshot" library="Screenshot">
<arg>${screenshotFileName}</arg>
<doc>Takes a screenshot in JPEG format and embeds it into the log file.</doc>
<status status="NOT RUN" starttime="20220930 07:45:36.473" endtime="20220930 07:45:36.473"/>
</kw>
<status status="NOT RUN" starttime="20220930 07:45:36.472" endtime="20220930 07:45:36.473"/>
</branch>
<branch type="ELSE">
<kw name="Sleep" library="BuiltIn">
<arg>1s</arg>
<doc>Pauses the test executed for the given time.</doc>
<msg timestamp="20220930 07:45:37.476" level="INFO">Slept 1 second</msg>
<status status="PASS" starttime="20220930 07:45:36.473" endtime="20220930 07:45:37.476"/>
</kw>
<kw name="Get Text" library="RPA.Browser">
<var>${textfiled}</var>
<arg>//body/div[2]/div[1]/div[3]/div[1]/div[1]/h2[1]/a[1]</arg>
<doc>Returns the text value of the element identified by ``locator``.</doc>
<msg timestamp="20220930 07:45:37.500" level="INFO">${textfiled} = WordPress</msg>
<status status="PASS" starttime="20220930 07:45:37.476" endtime="20220930 07:45:37.500"/>
</kw>
<kw name="Append To File" library="OperatingSystem">
<arg>${logFilePath}</arg>
<arg>Wordpress website identified${\n}</arg>
<doc>Appends the given content to the specified file.</doc>
<msg timestamp="20220930 07:45:37.502" level="INFO" html="true">Appended to file '&lt;a href="file:///home/kali/Documents/VAPT_Automation/Logs/Log _ 20220930_074525 .txt"&gt;/home/kali/Documents/VAPT_Automation/Logs/Log _ 20220930_074525 .txt&lt;/a&gt;'.</msg>
<status status="PASS" starttime="20220930 07:45:37.501" endtime="20220930 07:45:37.502"/>
</kw>
<kw name="Catenate" library="BuiltIn">
<var>${screenshotFileName}</var>
<arg>${screenShotFilePath}/CMS_Detection_Result{index}.png</arg>
<doc>Catenates the given items together and returns the resulted string.</doc>
<msg timestamp="20220930 07:45:37.502" level="INFO">${screenshotFileName} = /home/kali/Documents/VAPT_Automation/Screenshots/CMS_Detection_Result{index}.png</msg>
<status status="PASS" starttime="20220930 07:45:37.502" endtime="20220930 07:45:37.502"/>
</kw>
<kw name="Log To Console" library="BuiltIn">
<arg>${screenshotFileName}</arg>
<doc>Logs the given message to the console.</doc>
<status status="PASS" starttime="20220930 07:45:37.503" endtime="20220930 07:45:37.503"/>
</kw>
<kw name="Maximize Browser Window" library="RPA.Browser">
<doc>Maximizes current browser window.</doc>
<status status="PASS" starttime="20220930 07:45:37.504" endtime="20220930 07:45:37.509"/>
</kw>
<kw name="Capture Element Screenshot" library="RPA.Browser">
<arg>//body/div[2]</arg>
<arg>${screenshotFileName}</arg>
<doc>Captures a screenshot from the element identified by ``locator`` and embeds it into log file.</doc>
<msg timestamp="20220930 07:45:37.793" level="INFO" html="true">&lt;/td&gt;&lt;/tr&gt;&lt;tr&gt;&lt;td colspan="3"&gt;&lt;a href="../Screenshots/CMS_Detection_Result1.png"&gt;&lt;img src="../Screenshots/CMS_Detection_Result1.png" width="400px"&gt;&lt;/a&gt;</msg>
<status status="PASS" starttime="20220930 07:45:37.510" endtime="20220930 07:45:37.793"/>
</kw>
<status status="PASS" starttime="20220930 07:45:36.473" endtime="20220930 07:45:37.793"/>
</branch>
<status status="PASS" starttime="20220930 07:45:36.471" endtime="20220930 07:45:37.793"/>
</if>
<kw name="Close Browser" library="RPA.Browser">
<doc>Closes the current browser.</doc>
<status status="PASS" starttime="20220930 07:45:37.793" endtime="20220930 07:45:37.860"/>
</kw>
<status status="PASS" starttime="20220930 07:45:25.815" endtime="20220930 07:45:37.860"/>
</kw>
<status status="PASS" starttime="20220930 07:45:25.814" endtime="20220930 07:45:37.860"/>
</iter>
<iter>
<var name="${url}">https://www.sonymusic.com/</var>
<kw name="Append To File" library="OperatingSystem">
<arg>${logFilePath}</arg>
<arg>Excecuting CMS detection for ${url}${\n}</arg>
<doc>Appends the given content to the specified file.</doc>
<msg timestamp="20220930 07:45:37.862" level="INFO" html="true">Appended to file '&lt;a href="file:///home/kali/Documents/VAPT_Automation/Logs/Log _ 20220930_074525 .txt"&gt;/home/kali/Documents/VAPT_Automation/Logs/Log _ 20220930_074525 .txt&lt;/a&gt;'.</msg>
<status status="PASS" starttime="20220930 07:45:37.861" endtime="20220930 07:45:37.862"/>
</kw>
<kw name="CMS Detection">
<arg>${url}</arg>
<arg>${logFilePath}</arg>
<kw name="Log To Console" library="BuiltIn">
<arg>${logFilePath}</arg>
<doc>Logs the given message to the console.</doc>
<status status="PASS" starttime="20220930 07:45:37.864" endtime="20220930 07:45:37.864"/>
</kw>
<kw name="Append To File" library="OperatingSystem">
<arg>${logFilePath}</arg>
<arg>Inside CMS Detection workflow ${url}${\n}</arg>
<doc>Appends the given content to the specified file.</doc>
<msg timestamp="20220930 07:45:37.866" level="INFO" html="true">Appended to file '&lt;a href="file:///home/kali/Documents/VAPT_Automation/Logs/Log _ 20220930_074525 .txt"&gt;/home/kali/Documents/VAPT_Automation/Logs/Log _ 20220930_074525 .txt&lt;/a&gt;'.</msg>
<status status="PASS" starttime="20220930 07:45:37.865" endtime="20220930 07:45:37.866"/>
</kw>
<kw name="Open Available Browser" library="RPA.Browser">
<arg>${cmsDetectUrl}</arg>
<doc>Attempts to open a browser on the user's device from a set of
supported browsers. Automatically downloads a corresponding webdriver
if none is already installed.</doc>
<msg timestamp="20220930 07:45:37.867" level="INFO">Creating an instance of the Chrome WebDriver.</msg>
<msg timestamp="20220930 07:45:37.872" level="INFO">====== WebDriver manager ======</msg>
<msg timestamp="20220930 07:45:38.317" level="INFO">Creating an instance of the Chrome WebDriver.</msg>
<msg timestamp="20220930 07:45:39.205" level="INFO">Created Chrome browser with arguments: --disable-dev-shm-usage --disable-web-security --allow-running-insecure-content --no-sandbox</msg>
<msg timestamp="20220930 07:45:39.206" level="INFO" html="true">&lt;p&gt;Attempted combinations:&lt;/p&gt;&lt;div class="doc"&gt;&lt;table&gt;&lt;tr&gt;&lt;th&gt;Browser&lt;/th&gt;&lt;th&gt;Download&lt;/th&gt;&lt;th&gt;Error&lt;/th&gt;&lt;/tr&gt;&lt;tr&gt;&lt;td&gt;Chrome&lt;/td&gt;&lt;td&gt;False&lt;/td&gt;&lt;td&gt;Message: 'chromedriver' executable needs to be in PATH. Please see https://chromedriver.chromium.org/home
&lt;/td&gt;&lt;/tr&gt;&lt;tr&gt;&lt;td&gt;Chrome&lt;/td&gt;&lt;td&gt;True&lt;/td&gt;&lt;td&gt;&lt;/td&gt;&lt;/tr&gt;&lt;/table&gt;&lt;/div&gt;</msg>
<msg timestamp="20220930 07:45:39.206" level="INFO">Opening url 'https://cmsdetect.com/'</msg>
<status status="PASS" starttime="20220930 07:45:37.866" endtime="20220930 07:45:40.213"/>
</kw>
<kw name="Maximize Browser Window" library="RPA.Browser">
<doc>Maximizes current browser window.</doc>
<status status="PASS" starttime="20220930 07:45:40.214" endtime="20220930 07:45:40.322"/>
</kw>
<kw name="Append To File" library="OperatingSystem">
<arg>${logFilePath}</arg>
<arg>opening ${cmsDetectUrl}${\n}</arg>
<doc>Appends the given content to the specified file.</doc>
<msg timestamp="20220930 07:45:40.323" level="INFO" html="true">Appended to file '&lt;a href="file:///home/kali/Documents/VAPT_Automation/Logs/Log _ 20220930_074525 .txt"&gt;/home/kali/Documents/VAPT_Automation/Logs/Log _ 20220930_074525 .txt&lt;/a&gt;'.</msg>
<status status="PASS" starttime="20220930 07:45:40.322" endtime="20220930 07:45:40.323"/>
</kw>
<kw name="Sleep" library="BuiltIn">
<arg>2s</arg>
<doc>Pauses the test executed for the given time.</doc>
<msg timestamp="20220930 07:45:42.326" level="INFO">Slept 2 seconds</msg>
<status status="PASS" starttime="20220930 07:45:40.323" endtime="20220930 07:45:42.326"/>
</kw>
<kw name="Input Text" library="RPA.Browser">
<arg>url</arg>
<arg>${url}</arg>
<doc>Types the given ``text`` into the text field identified by ``locator``.</doc>
<msg timestamp="20220930 07:45:42.327" level="INFO">Typing text 'https://www.sonymusic.com/' into text field 'url'.</msg>
<status status="PASS" starttime="20220930 07:45:42.326" endtime="20220930 07:45:42.458"/>
</kw>
<kw name="Append To File" library="OperatingSystem">
<arg>${logFilePath}</arg>
<arg>entered input url${\n}</arg>
<doc>Appends the given content to the specified file.</doc>
<msg timestamp="20220930 07:45:42.459" level="INFO" html="true">Appended to file '&lt;a href="file:///home/kali/Documents/VAPT_Automation/Logs/Log _ 20220930_074525 .txt"&gt;/home/kali/Documents/VAPT_Automation/Logs/Log _ 20220930_074525 .txt&lt;/a&gt;'.</msg>
<status status="PASS" starttime="20220930 07:45:42.458" endtime="20220930 07:45:42.459"/>
</kw>
<kw name="Click Button" library="RPA.Browser">
<arg>//button[contains(text(),'Detect CMS')]</arg>
<doc>Clicks the button identified by ``locator``.</doc>
<msg timestamp="20220930 07:45:42.460" level="INFO">Clicking button '//button[contains(text(),'Detect CMS')]'.</msg>
<status status="PASS" starttime="20220930 07:45:42.459" endtime="20220930 07:45:45.683"/>
</kw>
<kw name="Sleep" library="BuiltIn">
<arg>2s</arg>
<doc>Pauses the test executed for the given time.</doc>
<msg timestamp="20220930 07:45:47.685" level="INFO">Slept 2 seconds</msg>
<status status="PASS" starttime="20220930 07:45:45.683" endtime="20220930 07:45:47.685"/>
</kw>
<kw name="Get Text" library="RPA.Browser">
<var>${errormsg}</var>
<arg>//body/div[2]/div[1]/div[3]/div[1]</arg>
<doc>Returns the text value of the element identified by ``locator``.</doc>
<msg timestamp="20220930 07:45:47.782" level="INFO">${errormsg} = www.sonymusic.com is built using WordPress
47.8% of sites detected by us use WordPress.
Wordpress
Shopify
Laravel
Magento
Wix
The Rest
47.8%
23.2%
5.5%
7.6%
10.3%
If you believe this result is wrong, ...</msg>
<status status="PASS" starttime="20220930 07:45:47.686" endtime="20220930 07:45:47.782"/>
</kw>
<kw name="Get Substring" library="String">
<var>${errormsg1}</var>
<arg>${errormsg}</arg>
<arg>0</arg>
<arg>36</arg>
<doc>Returns a substring from ``start`` index to ``end`` index.</doc>
<msg timestamp="20220930 07:45:47.782" level="INFO">${errormsg1} = www.sonymusic.com is built using Wor</msg>
<status status="PASS" starttime="20220930 07:45:47.782" endtime="20220930 07:45:47.782"/>
</kw>
<if>
<branch type="IF" condition="&quot;${errormsg1}&quot; == &quot;${subStringError}&quot;">
<kw name="Append To File" library="OperatingSystem">
<arg>${logFilePath}</arg>
<arg>Wordpress website identified${\n}</arg>
<doc>Appends the given content to the specified file.</doc>
<status status="NOT RUN" starttime="20220930 07:45:47.783" endtime="20220930 07:45:47.783"/>
</kw>
<kw name="Catenate" library="BuiltIn">
<var>${screenshotFileName}</var>
<arg>${screenShotFilePath}/CMS_Detection_Result.png</arg>
<doc>Catenates the given items together and returns the resulted string.</doc>
<status status="NOT RUN" starttime="20220930 07:45:47.783" endtime="20220930 07:45:47.784"/>
</kw>
<kw name="Log To Console" library="BuiltIn">
<arg>${screenshotFileName}</arg>
<doc>Logs the given message to the console.</doc>
<status status="NOT RUN" starttime="20220930 07:45:47.784" endtime="20220930 07:45:47.784"/>
</kw>
<kw name="Maximize Browser Window" library="RPA.Browser">
<doc>Maximizes current browser window.</doc>
<status status="NOT RUN" starttime="20220930 07:45:47.784" endtime="20220930 07:45:47.785"/>
</kw>
<kw name="Take Screenshot" library="Screenshot">
<arg>${screenshotFileName}</arg>
<doc>Takes a screenshot in JPEG format and embeds it into the log file.</doc>
<status status="NOT RUN" starttime="20220930 07:45:47.785" endtime="20220930 07:45:47.785"/>
</kw>
<status status="NOT RUN" starttime="20220930 07:45:47.783" endtime="20220930 07:45:47.785"/>
</branch>
<branch type="ELSE">
<kw name="Sleep" library="BuiltIn">
<arg>1s</arg>
<doc>Pauses the test executed for the given time.</doc>
<msg timestamp="20220930 07:45:48.788" level="INFO">Slept 1 second</msg>
<status status="PASS" starttime="20220930 07:45:47.785" endtime="20220930 07:45:48.789"/>
</kw>
<kw name="Get Text" library="RPA.Browser">
<var>${textfiled}</var>
<arg>//body/div[2]/div[1]/div[3]/div[1]/div[1]/h2[1]/a[1]</arg>
<doc>Returns the text value of the element identified by ``locator``.</doc>
<msg timestamp="20220930 07:45:48.815" level="INFO">${textfiled} = WordPress</msg>
<status status="PASS" starttime="20220930 07:45:48.789" endtime="20220930 07:45:48.815"/>
</kw>
<kw name="Append To File" library="OperatingSystem">
<arg>${logFilePath}</arg>
<arg>Wordpress website identified${\n}</arg>
<doc>Appends the given content to the specified file.</doc>
<msg timestamp="20220930 07:45:48.816" level="INFO" html="true">Appended to file '&lt;a href="file:///home/kali/Documents/VAPT_Automation/Logs/Log _ 20220930_074525 .txt"&gt;/home/kali/Documents/VAPT_Automation/Logs/Log _ 20220930_074525 .txt&lt;/a&gt;'.</msg>
<status status="PASS" starttime="20220930 07:45:48.815" endtime="20220930 07:45:48.816"/>
</kw>
<kw name="Catenate" library="BuiltIn">
<var>${screenshotFileName}</var>
<arg>${screenShotFilePath}/CMS_Detection_Result{index}.png</arg>
<doc>Catenates the given items together and returns the resulted string.</doc>
<msg timestamp="20220930 07:45:48.817" level="INFO">${screenshotFileName} = /home/kali/Documents/VAPT_Automation/Screenshots/CMS_Detection_Result{index}.png</msg>
<status status="PASS" starttime="20220930 07:45:48.816" endtime="20220930 07:45:48.817"/>
</kw>
<kw name="Log To Console" library="BuiltIn">
<arg>${screenshotFileName}</arg>
<doc>Logs the given message to the console.</doc>
<status status="PASS" starttime="20220930 07:45:48.817" endtime="20220930 07:45:48.817"/>
</kw>
<kw name="Maximize Browser Window" library="RPA.Browser">
<doc>Maximizes current browser window.</doc>
<status status="PASS" starttime="20220930 07:45:48.817" endtime="20220930 07:45:48.826"/>
</kw>
<kw name="Capture Element Screenshot" library="RPA.Browser">
<arg>//body/div[2]</arg>
<arg>${screenshotFileName}</arg>
<doc>Captures a screenshot from the element identified by ``locator`` and embeds it into log file.</doc>
<msg timestamp="20220930 07:45:49.162" level="INFO" html="true">&lt;/td&gt;&lt;/tr&gt;&lt;tr&gt;&lt;td colspan="3"&gt;&lt;a href="../Screenshots/CMS_Detection_Result2.png"&gt;&lt;img src="../Screenshots/CMS_Detection_Result2.png" width="400px"&gt;&lt;/a&gt;</msg>
<status status="PASS" starttime="20220930 07:45:48.827" endtime="20220930 07:45:49.162"/>
</kw>
<status status="PASS" starttime="20220930 07:45:47.785" endtime="20220930 07:45:49.162"/>
</branch>
<status status="PASS" starttime="20220930 07:45:47.783" endtime="20220930 07:45:49.162"/>
</if>
<kw name="Close Browser" library="RPA.Browser">
<doc>Closes the current browser.</doc>
<status status="PASS" starttime="20220930 07:45:49.162" endtime="20220930 07:45:49.231"/>
</kw>
<status status="PASS" starttime="20220930 07:45:37.862" endtime="20220930 07:45:49.232"/>
</kw>
<status status="PASS" starttime="20220930 07:45:37.860" endtime="20220930 07:45:49.232"/>
</iter>
<status status="PASS" starttime="20220930 07:45:25.814" endtime="20220930 07:45:49.232"/>
</for>
<status status="PASS" starttime="20220930 07:45:25.811" endtime="20220930 07:45:49.232"/>
</branch>
<status status="PASS" starttime="20220930 07:45:25.811" endtime="20220930 07:45:49.232"/>
</if>
<if>
<branch type="IF" condition="'${typeOfTesting}' =='Plugin Detection'">
<for flavor="IN">
<var>${url}</var>
<value>@{targetUrlList}</value>
<iter>
<var name="${url}"/>
<kw name="Append To File" library="OperatingSystem">
<arg>${logFilePath}</arg>
<arg>Excecuting Plugin detection for ${url}${\n}</arg>
<doc>Appends the given content to the specified file.</doc>
<status status="NOT RUN" starttime="20220930 07:45:49.233" endtime="20220930 07:45:49.233"/>
</kw>
<kw name="Plugin Detection">
<arg>${Url}</arg>
<arg>${logFilePath}</arg>
<status status="NOT RUN" starttime="20220930 07:45:49.234" endtime="20220930 07:45:49.234"/>
</kw>
<status status="NOT RUN" starttime="20220930 07:45:49.233" endtime="20220930 07:45:49.234"/>
</iter>
<status status="NOT RUN" starttime="20220930 07:45:49.233" endtime="20220930 07:45:49.234"/>
</for>
<status status="NOT RUN" starttime="20220930 07:45:49.233" endtime="20220930 07:45:49.234"/>
</branch>
<status status="PASS" starttime="20220930 07:45:49.232" endtime="20220930 07:45:49.234"/>
</if>
<if>
<branch type="IF" condition="'${typeOfTesting}' =='WP SCAN'">
<for flavor="IN">
<var>${url}</var>
<value>@{targetUrlList}</value>
<iter>
<var name="${url}"/>
<kw name="Append To File" library="OperatingSystem">
<arg>${logFilePath}</arg>
<arg>Excecuting WP scan for ${url}${\n}</arg>
<doc>Appends the given content to the specified file.</doc>
<status status="NOT RUN" starttime="20220930 07:45:49.235" endtime="20220930 07:45:49.235"/>
</kw>
<kw name="WP SCAN">
<arg>${logFilePath}</arg>
<arg>${url}</arg>
<status status="NOT RUN" starttime="20220930 07:45:49.235" endtime="20220930 07:45:49.236"/>
</kw>
<status status="NOT RUN" starttime="20220930 07:45:49.235" endtime="20220930 07:45:49.236"/>
</iter>
<status status="NOT RUN" starttime="20220930 07:45:49.235" endtime="20220930 07:45:49.236"/>
</for>
<status status="NOT RUN" starttime="20220930 07:45:49.235" endtime="20220930 07:45:49.236"/>
</branch>
<status status="PASS" starttime="20220930 07:45:49.234" endtime="20220930 07:45:49.236"/>
</if>
<status status="PASS" starttime="20220930 07:45:25.811" endtime="20220930 07:45:49.236"/>
</branch>
<branch type="ELSE">
<kw name="Append To File" library="OperatingSystem">
<arg>${logFilePath}</arg>
<arg>no need to carry out ${typeOfTesting}${\n}</arg>
<doc>Appends the given content to the specified file.</doc>
<status status="NOT RUN" starttime="20220930 07:45:49.237" endtime="20220930 07:45:49.237"/>
</kw>
<status status="NOT RUN" starttime="20220930 07:45:49.236" endtime="20220930 07:45:49.237"/>
</branch>
<status status="PASS" starttime="20220930 07:45:25.811" endtime="20220930 07:45:49.237"/>
</if>
<status status="PASS" starttime="20220930 07:45:25.808" endtime="20220930 07:45:49.237"/>
</iter>
<iter>
<var name="${testcase}">Plugin Detection,YES</var>
<kw name="Split String" library="String">
<var>${value}</var>
<arg>${testcase}</arg>
<arg>,</arg>
<doc>Splits the ``string`` using ``separator`` as a delimiter string.</doc>
<msg timestamp="20220930 07:45:49.238" level="INFO">${value} = ['Plugin Detection', 'YES']</msg>
<status status="PASS" starttime="20220930 07:45:49.238" endtime="20220930 07:45:49.238"/>
</kw>
<kw name="Append To File" library="OperatingSystem">
<arg>${logFilePath}</arg>
<arg>Test case status:@{value}${\n}</arg>
<doc>Appends the given content to the specified file.</doc>
<msg timestamp="20220930 07:45:49.239" level="INFO" html="true">Appended to file '&lt;a href="file:///home/kali/Documents/VAPT_Automation/Logs/Log _ 20220930_074525 .txt"&gt;/home/kali/Documents/VAPT_Automation/Logs/Log _ 20220930_074525 .txt&lt;/a&gt;'.</msg>
<status status="PASS" starttime="20220930 07:45:49.238" endtime="20220930 07:45:49.239"/>
</kw>
<kw name="Get From List" library="Collections">
<var>${typeOfTesting}</var>
<arg>${value}</arg>
<arg>0</arg>
<doc>Returns the value specified with an ``index`` from ``list``.</doc>
<msg timestamp="20220930 07:45:49.239" level="INFO">${typeOfTesting} = Plugin Detection</msg>
<status status="PASS" starttime="20220930 07:45:49.239" endtime="20220930 07:45:49.239"/>
</kw>
<kw name="Log To Console" library="BuiltIn">
<arg>${typeOfTesting}</arg>
<doc>Logs the given message to the console.</doc>
<status status="PASS" starttime="20220930 07:45:49.240" endtime="20220930 07:45:49.241"/>
</kw>
<kw name="Get From List" library="Collections">
<var>${flagValue}</var>
<arg>${value}</arg>
<arg>1</arg>
<doc>Returns the value specified with an ``index`` from ``list``.</doc>
<msg timestamp="20220930 07:45:49.242" level="INFO">${flagValue} = YES</msg>
<status status="PASS" starttime="20220930 07:45:49.241" endtime="20220930 07:45:49.242"/>
</kw>
<kw name="Log To Console" library="BuiltIn">
<arg>${flagValue}</arg>
<doc>Logs the given message to the console.</doc>
<status status="PASS" starttime="20220930 07:45:49.242" endtime="20220930 07:45:49.242"/>
</kw>
<if>
<branch type="IF" condition="&quot;${flagValue}&quot; == &quot;YES&quot;">
<if>
<branch type="IF" condition="'${typeOfTesting}' =='CMS Detection'">
<for flavor="IN">
<var>${url}</var>
<value>@{targetUrlList}</value>
<iter>
<var name="${url}"/>
<kw name="Append To File" library="OperatingSystem">
<arg>${logFilePath}</arg>
<arg>Excecuting CMS detection for ${url}${\n}</arg>
<doc>Appends the given content to the specified file.</doc>
<status status="NOT RUN" starttime="20220930 07:45:49.244" endtime="20220930 07:45:49.244"/>
</kw>
<kw name="CMS Detection">
<arg>${url}</arg>
<arg>${logFilePath}</arg>
<status status="NOT RUN" starttime="20220930 07:45:49.244" endtime="20220930 07:45:49.244"/>
</kw>
<status status="NOT RUN" starttime="20220930 07:45:49.243" endtime="20220930 07:45:49.244"/>
</iter>
<status status="NOT RUN" starttime="20220930 07:45:49.243" endtime="20220930 07:45:49.244"/>
</for>
<status status="NOT RUN" starttime="20220930 07:45:49.243" endtime="20220930 07:45:49.245"/>
</branch>
<status status="PASS" starttime="20220930 07:45:49.243" endtime="20220930 07:45:49.245"/>
</if>
<if>
<branch type="IF" condition="'${typeOfTesting}' =='Plugin Detection'">
<for flavor="IN">
<var>${url}</var>
<value>@{targetUrlList}</value>
<iter>
<var name="${url}">https://www.tnpconsultants.com/</var>
<kw name="Append To File" library="OperatingSystem">
<arg>${logFilePath}</arg>
<arg>Excecuting Plugin detection for ${url}${\n}</arg>
<doc>Appends the given content to the specified file.</doc>
<msg timestamp="20220930 07:45:49.247" level="INFO" html="true">Appended to file '&lt;a href="file:///home/kali/Documents/VAPT_Automation/Logs/Log _ 20220930_074525 .txt"&gt;/home/kali/Documents/VAPT_Automation/Logs/Log _ 20220930_074525 .txt&lt;/a&gt;'.</msg>
<status status="PASS" starttime="20220930 07:45:49.246" endtime="20220930 07:45:49.247"/>
</kw>
<kw name="Plugin Detection">
<arg>${Url}</arg>
<arg>${logFilePath}</arg>
<kw name="Append To File" library="OperatingSystem">
<arg>${logFilePath}</arg>
<arg>Opening plugin detection parameter file${\n}</arg>
<doc>Appends the given content to the specified file.</doc>
<msg timestamp="20220930 07:45:49.249" level="INFO" html="true">Appended to file '&lt;a href="file:///home/kali/Documents/VAPT_Automation/Logs/Log _ 20220930_074525 .txt"&gt;/home/kali/Documents/VAPT_Automation/Logs/Log _ 20220930_074525 .txt&lt;/a&gt;'.</msg>
<status status="PASS" starttime="20220930 07:45:49.248" endtime="20220930 07:45:49.249"/>
</kw>
<kw name="Get File" library="OperatingSystem">
<var>${testCaseConfig}</var>
<arg>${testCasesSecondaryConfig}</arg>
<doc>Returns the contents of a specified file.</doc>
<msg timestamp="20220930 07:45:49.250" level="INFO" html="true">Getting file '&lt;a href="file:///home/kali/Documents/VAPT_Automation/Input/VAPT_Test_Config_Secondary.csv"&gt;/home/kali/Documents/VAPT_Automation/Input/VAPT_Test_Config_Secondary.csv&lt;/a&gt;'.</msg>
<msg timestamp="20220930 07:45:49.250" level="INFO">${testCaseConfig} = ﻿wp-admin
license.txt
readme.html
wp-activate.php
wp-app.php
wp-blog-header.php
wp-comments-post.php
wp-config-sample.php
wp-cron.php
wp-links-opml.php
wp-load.php
wp-login.php
wp-mail.php
wp-pass.php...</msg>
<status status="PASS" starttime="20220930 07:45:49.249" endtime="20220930 07:45:49.250"/>
</kw>
<kw name="Create List" library="BuiltIn">
<var>@{testCaseConfigList}</var>
<arg>${testCaseConfig}</arg>
<doc>Returns a list containing given items.</doc>
<msg timestamp="20220930 07:45:49.251" level="INFO">@{testCaseConfigList} = [ ﻿wp-admin
license.txt
readme.html
wp-activate.php
wp-app.php
wp-blog-header.php
wp-comments-post.php
wp-config-sample.php
wp-cron.php
wp-links-opml.php
wp-load.php
wp-login.php
wp-mail.php
wp-pass.p...</msg>
<status status="PASS" starttime="20220930 07:45:49.250" endtime="20220930 07:45:49.251"/>
</kw>
<kw name="Split To Lines" library="String">
<var>@{testcaseList}</var>
<arg>@{testCaseConfigList}</arg>
<doc>Splits the given string to lines.</doc>
<msg timestamp="20220930 07:45:49.252" level="INFO">21 lines returned</msg>
<msg timestamp="20220930 07:45:49.252" level="INFO">@{testcaseList} = [ ﻿wp-admin | license.txt | readme.html | wp-activate.php | wp-app.php | wp-blog-header.php | wp-comments-post.php | wp-config-sample.php | wp-cron.php | wp-links-opml.php | wp-load.php | wp-login.php...</msg>
<status status="PASS" starttime="20220930 07:45:49.251" endtime="20220930 07:45:49.253"/>
</kw>
<for flavor="IN">
<var>${element}</var>
<value>@{testcaseList}</value>
<iter>
<var name="${element}">﻿wp-admin</var>
<kw name="Catenate" library="BuiltIn">
<var>${appendUrl}</var>
<arg>${Url}${element}</arg>
<doc>Catenates the given items together and returns the resulted string.</doc>
<msg timestamp="20220930 07:45:49.254" level="INFO">${appendUrl} = https://www.tnpconsultants.com/﻿wp-admin</msg>
<status status="PASS" starttime="20220930 07:45:49.253" endtime="20220930 07:45:49.254"/>
</kw>
<kw name="Log To Console" library="BuiltIn">
<arg>${appendUrl}</arg>
<doc>Logs the given message to the console.</doc>
<status status="PASS" starttime="20220930 07:45:49.254" endtime="20220930 07:45:49.255"/>
</kw>
<kw name="Open Available Browser" library="RPA.Browser">
<arg>${appendUrl}</arg>
<doc>Attempts to open a browser on the user's device from a set of
supported browsers. Automatically downloads a corresponding webdriver
if none is already installed.</doc>
<msg timestamp="20220930 07:45:49.256" level="INFO">Creating an instance of the Chrome WebDriver.</msg>
<msg timestamp="20220930 07:45:49.264" level="INFO">====== WebDriver manager ======</msg>
<msg timestamp="20220930 07:45:49.747" level="INFO">Creating an instance of the Chrome WebDriver.</msg>
<msg timestamp="20220930 07:45:50.620" level="INFO">Created Chrome browser with arguments: --disable-dev-shm-usage --disable-web-security --allow-running-insecure-content --no-sandbox</msg>
<msg timestamp="20220930 07:45:50.620" level="INFO" html="true">&lt;p&gt;Attempted combinations:&lt;/p&gt;&lt;div class="doc"&gt;&lt;table&gt;&lt;tr&gt;&lt;th&gt;Browser&lt;/th&gt;&lt;th&gt;Download&lt;/th&gt;&lt;th&gt;Error&lt;/th&gt;&lt;/tr&gt;&lt;tr&gt;&lt;td&gt;Chrome&lt;/td&gt;&lt;td&gt;False&lt;/td&gt;&lt;td&gt;Message: 'chromedriver' executable needs to be in PATH. Please see https://chromedriver.chromium.org/home
&lt;/td&gt;&lt;/tr&gt;&lt;tr&gt;&lt;td&gt;Chrome&lt;/td&gt;&lt;td&gt;True&lt;/td&gt;&lt;td&gt;&lt;/td&gt;&lt;/tr&gt;&lt;/table&gt;&lt;/div&gt;</msg>
<msg timestamp="20220930 07:45:50.620" level="INFO">Opening url 'https://www.tnpconsultants.com/﻿wp-admin'</msg>
<status status="PASS" starttime="20220930 07:45:49.255" endtime="20220930 07:45:56.332"/>
</kw>
<kw name="Maximize Browser Window" library="RPA.Browser">
<doc>Maximizes current browser window.</doc>
<status status="PASS" starttime="20220930 07:45:56.333" endtime="20220930 07:45:56.442"/>
</kw>
<kw name="Catenate" library="BuiltIn">
<var>${screenshotFileName}</var>
<arg>${screenShotFilePath}/Plugin_Detection_Result{index}.png</arg>
<doc>Catenates the given items together and returns the resulted string.</doc>
<msg timestamp="20220930 07:45:56.443" level="INFO">${screenshotFileName} = /home/kali/Documents/VAPT_Automation/Screenshots/Plugin_Detection_Result{index}.png</msg>
<status status="PASS" starttime="20220930 07:45:56.443" endtime="20220930 07:45:56.443"/>
</kw>
<kw name="Take Screenshot" library="Screenshot">
<arg>${screenshotFileName}</arg>
<doc>Takes a screenshot in JPEG format and embeds it into the log file.</doc>
<msg timestamp="20220930 07:45:56.537" level="INFO" html="true">&lt;a href="../Screenshots/Plugin_Detection_Result%7Bindex%7D.png_43.jpg"&gt;&lt;img src="../Screenshots/Plugin_Detection_Result%7Bindex%7D.png_43.jpg" width="800px"&gt;&lt;/a&gt;</msg>
<status status="PASS" starttime="20220930 07:45:56.444" endtime="20220930 07:45:56.537"/>
</kw>
<kw name="Close Browser" library="RPA.Browser">
<doc>Closes the current browser.</doc>
<status status="PASS" starttime="20220930 07:45:56.538" endtime="20220930 07:45:56.601"/>
</kw>
<status status="PASS" starttime="20220930 07:45:49.253" endtime="20220930 07:45:56.601"/>
</iter>
<iter>
<var name="${element}">license.txt</var>
<kw name="Catenate" library="BuiltIn">
<var>${appendUrl}</var>
<arg>${Url}${element}</arg>
<doc>Catenates the given items together and returns the resulted string.</doc>
<msg timestamp="20220930 07:45:56.603" level="INFO">${appendUrl} = https://www.tnpconsultants.com/license.txt</msg>
<status status="PASS" starttime="20220930 07:45:56.602" endtime="20220930 07:45:56.603"/>
</kw>
<kw name="Log To Console" library="BuiltIn">
<arg>${appendUrl}</arg>
<doc>Logs the given message to the console.</doc>
<status status="PASS" starttime="20220930 07:45:56.603" endtime="20220930 07:45:56.604"/>
</kw>
<kw name="Open Available Browser" library="RPA.Browser">
<arg>${appendUrl}</arg>
<doc>Attempts to open a browser on the user's device from a set of
supported browsers. Automatically downloads a corresponding webdriver
if none is already installed.</doc>
<msg timestamp="20220930 07:45:56.606" level="INFO">Creating an instance of the Chrome WebDriver.</msg>
<msg timestamp="20220930 07:45:56.612" level="INFO">====== WebDriver manager ======</msg>
<msg timestamp="20220930 07:45:56.945" level="INFO">Creating an instance of the Chrome WebDriver.</msg>
<msg timestamp="20220930 07:45:57.856" level="INFO">Created Chrome browser with arguments: --disable-dev-shm-usage --disable-web-security --allow-running-insecure-content --no-sandbox</msg>
<msg timestamp="20220930 07:45:57.856" level="INFO" html="true">&lt;p&gt;Attempted combinations:&lt;/p&gt;&lt;div class="doc"&gt;&lt;table&gt;&lt;tr&gt;&lt;th&gt;Browser&lt;/th&gt;&lt;th&gt;Download&lt;/th&gt;&lt;th&gt;Error&lt;/th&gt;&lt;/tr&gt;&lt;tr&gt;&lt;td&gt;Chrome&lt;/td&gt;&lt;td&gt;False&lt;/td&gt;&lt;td&gt;Message: 'chromedriver' executable needs to be in PATH. Please see https://chromedriver.chromium.org/home
&lt;/td&gt;&lt;/tr&gt;&lt;tr&gt;&lt;td&gt;Chrome&lt;/td&gt;&lt;td&gt;True&lt;/td&gt;&lt;td&gt;&lt;/td&gt;&lt;/tr&gt;&lt;/table&gt;&lt;/div&gt;</msg>
<msg timestamp="20220930 07:45:57.856" level="INFO">Opening url 'https://www.tnpconsultants.com/license.txt'</msg>
<status status="PASS" starttime="20220930 07:45:56.604" endtime="20220930 07:45:58.521"/>
</kw>
<kw name="Maximize Browser Window" library="RPA.Browser">
<doc>Maximizes current browser window.</doc>
<status status="PASS" starttime="20220930 07:45:58.522" endtime="20220930 07:45:58.630"/>
</kw>
<kw name="Catenate" library="BuiltIn">
<var>${screenshotFileName}</var>
<arg>${screenShotFilePath}/Plugin_Detection_Result{index}.png</arg>
<doc>Catenates the given items together and returns the resulted string.</doc>
<msg timestamp="20220930 07:45:58.631" level="INFO">${screenshotFileName} = /home/kali/Documents/VAPT_Automation/Screenshots/Plugin_Detection_Result{index}.png</msg>
<status status="PASS" starttime="20220930 07:45:58.630" endtime="20220930 07:45:58.631"/>
</kw>
<kw name="Take Screenshot" library="Screenshot">
<arg>${screenshotFileName}</arg>
<doc>Takes a screenshot in JPEG format and embeds it into the log file.</doc>
<msg timestamp="20220930 07:45:58.652" level="INFO" html="true">&lt;a href="../Screenshots/Plugin_Detection_Result%7Bindex%7D.png_44.jpg"&gt;&lt;img src="../Screenshots/Plugin_Detection_Result%7Bindex%7D.png_44.jpg" width="800px"&gt;&lt;/a&gt;</msg>
<status status="PASS" starttime="20220930 07:45:58.631" endtime="20220930 07:45:58.652"/>
</kw>
<kw name="Close Browser" library="RPA.Browser">
<doc>Closes the current browser.</doc>
<status status="PASS" starttime="20220930 07:45:58.653" endtime="20220930 07:45:58.713"/>
</kw>
<status status="PASS" starttime="20220930 07:45:56.602" endtime="20220930 07:45:58.713"/>
</iter>
<iter>
<var name="${element}">readme.html</var>
<kw name="Catenate" library="BuiltIn">
<var>${appendUrl}</var>
<arg>${Url}${element}</arg>
<doc>Catenates the given items together and returns the resulted string.</doc>
<msg timestamp="20220930 07:45:58.714" level="INFO">${appendUrl} = https://www.tnpconsultants.com/readme.html</msg>
<status status="PASS" starttime="20220930 07:45:58.713" endtime="20220930 07:45:58.714"/>
</kw>
<kw name="Log To Console" library="BuiltIn">
<arg>${appendUrl}</arg>
<doc>Logs the given message to the console.</doc>
<status status="PASS" starttime="20220930 07:45:58.714" endtime="20220930 07:45:58.715"/>
</kw>
<kw name="Open Available Browser" library="RPA.Browser">
<arg>${appendUrl}</arg>
<doc>Attempts to open a browser on the user's device from a set of
supported browsers. Automatically downloads a corresponding webdriver
if none is already installed.</doc>
<msg timestamp="20220930 07:45:58.719" level="INFO">Creating an instance of the Chrome WebDriver.</msg>
<msg timestamp="20220930 07:45:58.726" level="INFO">====== WebDriver manager ======</msg>
<msg timestamp="20220930 07:45:59.044" level="INFO">Creating an instance of the Chrome WebDriver.</msg>
<msg timestamp="20220930 07:45:59.954" level="INFO">Created Chrome browser with arguments: --disable-dev-shm-usage --disable-web-security --allow-running-insecure-content --no-sandbox</msg>
<msg timestamp="20220930 07:45:59.954" level="INFO" html="true">&lt;p&gt;Attempted combinations:&lt;/p&gt;&lt;div class="doc"&gt;&lt;table&gt;&lt;tr&gt;&lt;th&gt;Browser&lt;/th&gt;&lt;th&gt;Download&lt;/th&gt;&lt;th&gt;Error&lt;/th&gt;&lt;/tr&gt;&lt;tr&gt;&lt;td&gt;Chrome&lt;/td&gt;&lt;td&gt;False&lt;/td&gt;&lt;td&gt;Message: 'chromedriver' executable needs to be in PATH. Please see https://chromedriver.chromium.org/home
&lt;/td&gt;&lt;/tr&gt;&lt;tr&gt;&lt;td&gt;Chrome&lt;/td&gt;&lt;td&gt;True&lt;/td&gt;&lt;td&gt;&lt;/td&gt;&lt;/tr&gt;&lt;/table&gt;&lt;/div&gt;</msg>
<msg timestamp="20220930 07:45:59.954" level="INFO">Opening url 'https://www.tnpconsultants.com/readme.html'</msg>
<status status="PASS" starttime="20220930 07:45:58.716" endtime="20220930 07:46:01.038"/>
</kw>
<kw name="Maximize Browser Window" library="RPA.Browser">
<doc>Maximizes current browser window.</doc>
<status status="PASS" starttime="20220930 07:46:01.039" endtime="20220930 07:46:01.146"/>
</kw>
<kw name="Catenate" library="BuiltIn">
<var>${screenshotFileName}</var>
<arg>${screenShotFilePath}/Plugin_Detection_Result{index}.png</arg>
<doc>Catenates the given items together and returns the resulted string.</doc>
<msg timestamp="20220930 07:46:01.147" level="INFO">${screenshotFileName} = /home/kali/Documents/VAPT_Automation/Screenshots/Plugin_Detection_Result{index}.png</msg>
<status status="PASS" starttime="20220930 07:46:01.147" endtime="20220930 07:46:01.147"/>
</kw>
<kw name="Take Screenshot" library="Screenshot">
<arg>${screenshotFileName}</arg>
<doc>Takes a screenshot in JPEG format and embeds it into the log file.</doc>
<msg timestamp="20220930 07:46:01.167" level="INFO" html="true">&lt;a href="../Screenshots/Plugin_Detection_Result%7Bindex%7D.png_45.jpg"&gt;&lt;img src="../Screenshots/Plugin_Detection_Result%7Bindex%7D.png_45.jpg" width="800px"&gt;&lt;/a&gt;</msg>
<status status="PASS" starttime="20220930 07:46:01.147" endtime="20220930 07:46:01.168"/>
</kw>
<kw name="Close Browser" library="RPA.Browser">
<doc>Closes the current browser.</doc>
<status status="PASS" starttime="20220930 07:46:01.168" endtime="20220930 07:46:01.230"/>
</kw>
<status status="PASS" starttime="20220930 07:45:58.713" endtime="20220930 07:46:01.230"/>
</iter>
<iter>
<var name="${element}">wp-activate.php</var>
<kw name="Catenate" library="BuiltIn">
<var>${appendUrl}</var>
<arg>${Url}${element}</arg>
<doc>Catenates the given items together and returns the resulted string.</doc>
<msg timestamp="20220930 07:46:01.231" level="INFO">${appendUrl} = https://www.tnpconsultants.com/wp-activate.php</msg>
<status status="PASS" starttime="20220930 07:46:01.230" endtime="20220930 07:46:01.231"/>
</kw>
<kw name="Log To Console" library="BuiltIn">
<arg>${appendUrl}</arg>
<doc>Logs the given message to the console.</doc>
<status status="PASS" starttime="20220930 07:46:01.231" endtime="20220930 07:46:01.231"/>
</kw>
<kw name="Open Available Browser" library="RPA.Browser">
<arg>${appendUrl}</arg>
<doc>Attempts to open a browser on the user's device from a set of
supported browsers. Automatically downloads a corresponding webdriver
if none is already installed.</doc>
<msg timestamp="20220930 07:46:01.233" level="INFO">Creating an instance of the Chrome WebDriver.</msg>
<msg timestamp="20220930 07:46:01.239" level="INFO">====== WebDriver manager ======</msg>
<msg timestamp="20220930 07:46:01.562" level="INFO">Creating an instance of the Chrome WebDriver.</msg>
<msg timestamp="20220930 07:46:02.496" level="INFO">Created Chrome browser with arguments: --disable-dev-shm-usage --disable-web-security --allow-running-insecure-content --no-sandbox</msg>
<msg timestamp="20220930 07:46:02.496" level="INFO" html="true">&lt;p&gt;Attempted combinations:&lt;/p&gt;&lt;div class="doc"&gt;&lt;table&gt;&lt;tr&gt;&lt;th&gt;Browser&lt;/th&gt;&lt;th&gt;Download&lt;/th&gt;&lt;th&gt;Error&lt;/th&gt;&lt;/tr&gt;&lt;tr&gt;&lt;td&gt;Chrome&lt;/td&gt;&lt;td&gt;False&lt;/td&gt;&lt;td&gt;Message: 'chromedriver' executable needs to be in PATH. Please see https://chromedriver.chromium.org/home
&lt;/td&gt;&lt;/tr&gt;&lt;tr&gt;&lt;td&gt;Chrome&lt;/td&gt;&lt;td&gt;True&lt;/td&gt;&lt;td&gt;&lt;/td&gt;&lt;/tr&gt;&lt;/table&gt;&lt;/div&gt;</msg>
<msg timestamp="20220930 07:46:02.497" level="INFO">Opening url 'https://www.tnpconsultants.com/wp-activate.php'</msg>
<status status="PASS" starttime="20220930 07:46:01.232" endtime="20220930 07:46:03.214"/>
</kw>
<kw name="Maximize Browser Window" library="RPA.Browser">
<doc>Maximizes current browser window.</doc>
<status status="PASS" starttime="20220930 07:46:03.215" endtime="20220930 07:46:03.323"/>
</kw>
<kw name="Catenate" library="BuiltIn">
<var>${screenshotFileName}</var>
<arg>${screenShotFilePath}/Plugin_Detection_Result{index}.png</arg>
<doc>Catenates the given items together and returns the resulted string.</doc>
<msg timestamp="20220930 07:46:03.325" level="INFO">${screenshotFileName} = /home/kali/Documents/VAPT_Automation/Screenshots/Plugin_Detection_Result{index}.png</msg>
<status status="PASS" starttime="20220930 07:46:03.324" endtime="20220930 07:46:03.325"/>
</kw>
<kw name="Take Screenshot" library="Screenshot">
<arg>${screenshotFileName}</arg>
<doc>Takes a screenshot in JPEG format and embeds it into the log file.</doc>
<msg timestamp="20220930 07:46:03.344" level="INFO" html="true">&lt;a href="../Screenshots/Plugin_Detection_Result%7Bindex%7D.png_46.jpg"&gt;&lt;img src="../Screenshots/Plugin_Detection_Result%7Bindex%7D.png_46.jpg" width="800px"&gt;&lt;/a&gt;</msg>
<status status="PASS" starttime="20220930 07:46:03.325" endtime="20220930 07:46:03.344"/>
</kw>
<kw name="Close Browser" library="RPA.Browser">
<doc>Closes the current browser.</doc>
<status status="PASS" starttime="20220930 07:46:03.344" endtime="20220930 07:46:03.407"/>
</kw>
<status status="PASS" starttime="20220930 07:46:01.230" endtime="20220930 07:46:03.407"/>
</iter>
<iter>
<var name="${element}">wp-app.php</var>
<kw name="Catenate" library="BuiltIn">
<var>${appendUrl}</var>
<arg>${Url}${element}</arg>
<doc>Catenates the given items together and returns the resulted string.</doc>
<msg timestamp="20220930 07:46:03.409" level="INFO">${appendUrl} = https://www.tnpconsultants.com/wp-app.php</msg>
<status status="PASS" starttime="20220930 07:46:03.408" endtime="20220930 07:46:03.409"/>
</kw>
<kw name="Log To Console" library="BuiltIn">
<arg>${appendUrl}</arg>
<doc>Logs the given message to the console.</doc>
<status status="PASS" starttime="20220930 07:46:03.409" endtime="20220930 07:46:03.409"/>
</kw>
<kw name="Open Available Browser" library="RPA.Browser">
<arg>${appendUrl}</arg>
<doc>Attempts to open a browser on the user's device from a set of
supported browsers. Automatically downloads a corresponding webdriver
if none is already installed.</doc>
<msg timestamp="20220930 07:46:03.411" level="INFO">Creating an instance of the Chrome WebDriver.</msg>
<msg timestamp="20220930 07:46:03.419" level="INFO">====== WebDriver manager ======</msg>
<msg timestamp="20220930 07:46:03.734" level="INFO">Creating an instance of the Chrome WebDriver.</msg>
<msg timestamp="20220930 07:46:04.638" level="INFO">Created Chrome browser with arguments: --disable-dev-shm-usage --disable-web-security --allow-running-insecure-content --no-sandbox</msg>
<msg timestamp="20220930 07:46:04.638" level="INFO" html="true">&lt;p&gt;Attempted combinations:&lt;/p&gt;&lt;div class="doc"&gt;&lt;table&gt;&lt;tr&gt;&lt;th&gt;Browser&lt;/th&gt;&lt;th&gt;Download&lt;/th&gt;&lt;th&gt;Error&lt;/th&gt;&lt;/tr&gt;&lt;tr&gt;&lt;td&gt;Chrome&lt;/td&gt;&lt;td&gt;False&lt;/td&gt;&lt;td&gt;Message: 'chromedriver' executable needs to be in PATH. Please see https://chromedriver.chromium.org/home
&lt;/td&gt;&lt;/tr&gt;&lt;tr&gt;&lt;td&gt;Chrome&lt;/td&gt;&lt;td&gt;True&lt;/td&gt;&lt;td&gt;&lt;/td&gt;&lt;/tr&gt;&lt;/table&gt;&lt;/div&gt;</msg>
<msg timestamp="20220930 07:46:04.638" level="INFO">Opening url 'https://www.tnpconsultants.com/wp-app.php'</msg>
<status status="PASS" starttime="20220930 07:46:03.410" endtime="20220930 07:46:05.528"/>
</kw>
<kw name="Maximize Browser Window" library="RPA.Browser">
<doc>Maximizes current browser window.</doc>
<status status="PASS" starttime="20220930 07:46:05.529" endtime="20220930 07:46:05.637"/>
</kw>
<kw name="Catenate" library="BuiltIn">
<var>${screenshotFileName}</var>
<arg>${screenShotFilePath}/Plugin_Detection_Result{index}.png</arg>
<doc>Catenates the given items together and returns the resulted string.</doc>
<msg timestamp="20220930 07:46:05.639" level="INFO">${screenshotFileName} = /home/kali/Documents/VAPT_Automation/Screenshots/Plugin_Detection_Result{index}.png</msg>
<status status="PASS" starttime="20220930 07:46:05.638" endtime="20220930 07:46:05.639"/>
</kw>
<kw name="Take Screenshot" library="Screenshot">
<arg>${screenshotFileName}</arg>
<doc>Takes a screenshot in JPEG format and embeds it into the log file.</doc>
<msg timestamp="20220930 07:46:05.660" level="INFO" html="true">&lt;a href="../Screenshots/Plugin_Detection_Result%7Bindex%7D.png_47.jpg"&gt;&lt;img src="../Screenshots/Plugin_Detection_Result%7Bindex%7D.png_47.jpg" width="800px"&gt;&lt;/a&gt;</msg>
<status status="PASS" starttime="20220930 07:46:05.640" endtime="20220930 07:46:05.660"/>
</kw>
<kw name="Close Browser" library="RPA.Browser">
<doc>Closes the current browser.</doc>
<status status="PASS" starttime="20220930 07:46:05.660" endtime="20220930 07:46:05.721"/>
</kw>
<status status="PASS" starttime="20220930 07:46:03.408" endtime="20220930 07:46:05.722"/>
</iter>
<iter>
<var name="${element}">wp-blog-header.php</var>
<kw name="Catenate" library="BuiltIn">
<var>${appendUrl}</var>
<arg>${Url}${element}</arg>
<doc>Catenates the given items together and returns the resulted string.</doc>
<msg timestamp="20220930 07:46:05.723" level="INFO">${appendUrl} = https://www.tnpconsultants.com/wp-blog-header.php</msg>
<status status="PASS" starttime="20220930 07:46:05.722" endtime="20220930 07:46:05.723"/>
</kw>
<kw name="Log To Console" library="BuiltIn">
<arg>${appendUrl}</arg>
<doc>Logs the given message to the console.</doc>
<status status="PASS" starttime="20220930 07:46:05.723" endtime="20220930 07:46:05.724"/>
</kw>
<kw name="Open Available Browser" library="RPA.Browser">
<arg>${appendUrl}</arg>
<doc>Attempts to open a browser on the user's device from a set of
supported browsers. Automatically downloads a corresponding webdriver
if none is already installed.</doc>
<msg timestamp="20220930 07:46:05.726" level="INFO">Creating an instance of the Chrome WebDriver.</msg>
<msg timestamp="20220930 07:46:05.731" level="INFO">====== WebDriver manager ======</msg>
<msg timestamp="20220930 07:46:06.044" level="INFO">Creating an instance of the Chrome WebDriver.</msg>
<msg timestamp="20220930 07:46:06.924" level="INFO">Created Chrome browser with arguments: --disable-dev-shm-usage --disable-web-security --allow-running-insecure-content --no-sandbox</msg>
<msg timestamp="20220930 07:46:06.924" level="INFO" html="true">&lt;p&gt;Attempted combinations:&lt;/p&gt;&lt;div class="doc"&gt;&lt;table&gt;&lt;tr&gt;&lt;th&gt;Browser&lt;/th&gt;&lt;th&gt;Download&lt;/th&gt;&lt;th&gt;Error&lt;/th&gt;&lt;/tr&gt;&lt;tr&gt;&lt;td&gt;Chrome&lt;/td&gt;&lt;td&gt;False&lt;/td&gt;&lt;td&gt;Message: 'chromedriver' executable needs to be in PATH. Please see https://chromedriver.chromium.org/home
&lt;/td&gt;&lt;/tr&gt;&lt;tr&gt;&lt;td&gt;Chrome&lt;/td&gt;&lt;td&gt;True&lt;/td&gt;&lt;td&gt;&lt;/td&gt;&lt;/tr&gt;&lt;/table&gt;&lt;/div&gt;</msg>
<msg timestamp="20220930 07:46:06.924" level="INFO">Opening url 'https://www.tnpconsultants.com/wp-blog-header.php'</msg>
<status status="PASS" starttime="20220930 07:46:05.724" endtime="20220930 07:46:07.937"/>
</kw>
<kw name="Maximize Browser Window" library="RPA.Browser">
<doc>Maximizes current browser window.</doc>
<status status="PASS" starttime="20220930 07:46:07.938" endtime="20220930 07:46:08.045"/>
</kw>
<kw name="Catenate" library="BuiltIn">
<var>${screenshotFileName}</var>
<arg>${screenShotFilePath}/Plugin_Detection_Result{index}.png</arg>
<doc>Catenates the given items together and returns the resulted string.</doc>
<msg timestamp="20220930 07:46:08.046" level="INFO">${screenshotFileName} = /home/kali/Documents/VAPT_Automation/Screenshots/Plugin_Detection_Result{index}.png</msg>
<status status="PASS" starttime="20220930 07:46:08.045" endtime="20220930 07:46:08.046"/>
</kw>
<kw name="Take Screenshot" library="Screenshot">
<arg>${screenshotFileName}</arg>
<doc>Takes a screenshot in JPEG format and embeds it into the log file.</doc>
<msg timestamp="20220930 07:46:08.067" level="INFO" html="true">&lt;a href="../Screenshots/Plugin_Detection_Result%7Bindex%7D.png_48.jpg"&gt;&lt;img src="../Screenshots/Plugin_Detection_Result%7Bindex%7D.png_48.jpg" width="800px"&gt;&lt;/a&gt;</msg>
<status status="PASS" starttime="20220930 07:46:08.046" endtime="20220930 07:46:08.067"/>
</kw>
<kw name="Close Browser" library="RPA.Browser">
<doc>Closes the current browser.</doc>
<status status="PASS" starttime="20220930 07:46:08.067" endtime="20220930 07:46:08.127"/>
</kw>
<status status="PASS" starttime="20220930 07:46:05.722" endtime="20220930 07:46:08.127"/>
</iter>
<iter>
<var name="${element}">wp-comments-post.php</var>
<kw name="Catenate" library="BuiltIn">
<var>${appendUrl}</var>
<arg>${Url}${element}</arg>
<doc>Catenates the given items together and returns the resulted string.</doc>
<msg timestamp="20220930 07:46:08.128" level="INFO">${appendUrl} = https://www.tnpconsultants.com/wp-comments-post.php</msg>
<status status="PASS" starttime="20220930 07:46:08.128" endtime="20220930 07:46:08.128"/>
</kw>
<kw name="Log To Console" library="BuiltIn">
<arg>${appendUrl}</arg>
<doc>Logs the given message to the console.</doc>
<status status="PASS" starttime="20220930 07:46:08.129" endtime="20220930 07:46:08.129"/>
</kw>
<kw name="Open Available Browser" library="RPA.Browser">
<arg>${appendUrl}</arg>
<doc>Attempts to open a browser on the user's device from a set of
supported browsers. Automatically downloads a corresponding webdriver
if none is already installed.</doc>
<msg timestamp="20220930 07:46:08.130" level="INFO">Creating an instance of the Chrome WebDriver.</msg>
<msg timestamp="20220930 07:46:08.136" level="INFO">====== WebDriver manager ======</msg>
<msg timestamp="20220930 07:46:08.436" level="INFO">Creating an instance of the Chrome WebDriver.</msg>
<msg timestamp="20220930 07:46:09.329" level="INFO">Created Chrome browser with arguments: --disable-dev-shm-usage --disable-web-security --allow-running-insecure-content --no-sandbox</msg>
<msg timestamp="20220930 07:46:09.330" level="INFO" html="true">&lt;p&gt;Attempted combinations:&lt;/p&gt;&lt;div class="doc"&gt;&lt;table&gt;&lt;tr&gt;&lt;th&gt;Browser&lt;/th&gt;&lt;th&gt;Download&lt;/th&gt;&lt;th&gt;Error&lt;/th&gt;&lt;/tr&gt;&lt;tr&gt;&lt;td&gt;Chrome&lt;/td&gt;&lt;td&gt;False&lt;/td&gt;&lt;td&gt;Message: 'chromedriver' executable needs to be in PATH. Please see https://chromedriver.chromium.org/home
&lt;/td&gt;&lt;/tr&gt;&lt;tr&gt;&lt;td&gt;Chrome&lt;/td&gt;&lt;td&gt;True&lt;/td&gt;&lt;td&gt;&lt;/td&gt;&lt;/tr&gt;&lt;/table&gt;&lt;/div&gt;</msg>
<msg timestamp="20220930 07:46:09.330" level="INFO">Opening url 'https://www.tnpconsultants.com/wp-comments-post.php'</msg>
<status status="PASS" starttime="20220930 07:46:08.129" endtime="20220930 07:46:10.030"/>
</kw>
<kw name="Maximize Browser Window" library="RPA.Browser">
<doc>Maximizes current browser window.</doc>
<status status="PASS" starttime="20220930 07:46:10.031" endtime="20220930 07:46:10.139"/>
</kw>
<kw name="Catenate" library="BuiltIn">
<var>${screenshotFileName}</var>
<arg>${screenShotFilePath}/Plugin_Detection_Result{index}.png</arg>
<doc>Catenates the given items together and returns the resulted string.</doc>
<msg timestamp="20220930 07:46:10.140" level="INFO">${screenshotFileName} = /home/kali/Documents/VAPT_Automation/Screenshots/Plugin_Detection_Result{index}.png</msg>
<status status="PASS" starttime="20220930 07:46:10.139" endtime="20220930 07:46:10.140"/>
</kw>
<kw name="Take Screenshot" library="Screenshot">
<arg>${screenshotFileName}</arg>
<doc>Takes a screenshot in JPEG format and embeds it into the log file.</doc>
<msg timestamp="20220930 07:46:10.162" level="INFO" html="true">&lt;a href="../Screenshots/Plugin_Detection_Result%7Bindex%7D.png_49.jpg"&gt;&lt;img src="../Screenshots/Plugin_Detection_Result%7Bindex%7D.png_49.jpg" width="800px"&gt;&lt;/a&gt;</msg>
<status status="PASS" starttime="20220930 07:46:10.140" endtime="20220930 07:46:10.162"/>
</kw>
<kw name="Close Browser" library="RPA.Browser">
<doc>Closes the current browser.</doc>
<status status="PASS" starttime="20220930 07:46:10.162" endtime="20220930 07:46:10.221"/>
</kw>
<status status="PASS" starttime="20220930 07:46:08.128" endtime="20220930 07:46:10.221"/>
</iter>
<iter>
<var name="${element}">wp-config-sample.php</var>
<kw name="Catenate" library="BuiltIn">
<var>${appendUrl}</var>
<arg>${Url}${element}</arg>
<doc>Catenates the given items together and returns the resulted string.</doc>
<msg timestamp="20220930 07:46:10.222" level="INFO">${appendUrl} = https://www.tnpconsultants.com/wp-config-sample.php</msg>
<status status="PASS" starttime="20220930 07:46:10.222" endtime="20220930 07:46:10.222"/>
</kw>
<kw name="Log To Console" library="BuiltIn">
<arg>${appendUrl}</arg>
<doc>Logs the given message to the console.</doc>
<status status="PASS" starttime="20220930 07:46:10.223" endtime="20220930 07:46:10.223"/>
</kw>
<kw name="Open Available Browser" library="RPA.Browser">
<arg>${appendUrl}</arg>
<doc>Attempts to open a browser on the user's device from a set of
supported browsers. Automatically downloads a corresponding webdriver
if none is already installed.</doc>
<msg timestamp="20220930 07:46:10.224" level="INFO">Creating an instance of the Chrome WebDriver.</msg>
<msg timestamp="20220930 07:46:10.230" level="INFO">====== WebDriver manager ======</msg>
<msg timestamp="20220930 07:46:10.553" level="INFO">Creating an instance of the Chrome WebDriver.</msg>
<msg timestamp="20220930 07:46:11.436" level="INFO">Created Chrome browser with arguments: --disable-dev-shm-usage --disable-web-security --allow-running-insecure-content --no-sandbox</msg>
<msg timestamp="20220930 07:46:11.436" level="INFO" html="true">&lt;p&gt;Attempted combinations:&lt;/p&gt;&lt;div class="doc"&gt;&lt;table&gt;&lt;tr&gt;&lt;th&gt;Browser&lt;/th&gt;&lt;th&gt;Download&lt;/th&gt;&lt;th&gt;Error&lt;/th&gt;&lt;/tr&gt;&lt;tr&gt;&lt;td&gt;Chrome&lt;/td&gt;&lt;td&gt;False&lt;/td&gt;&lt;td&gt;Message: 'chromedriver' executable needs to be in PATH. Please see https://chromedriver.chromium.org/home
&lt;/td&gt;&lt;/tr&gt;&lt;tr&gt;&lt;td&gt;Chrome&lt;/td&gt;&lt;td&gt;True&lt;/td&gt;&lt;td&gt;&lt;/td&gt;&lt;/tr&gt;&lt;/table&gt;&lt;/div&gt;</msg>
<msg timestamp="20220930 07:46:11.436" level="INFO">Opening url 'https://www.tnpconsultants.com/wp-config-sample.php'</msg>
<status status="PASS" starttime="20220930 07:46:10.223" endtime="20220930 07:46:12.125"/>
</kw>
<kw name="Maximize Browser Window" library="RPA.Browser">
<doc>Maximizes current browser window.</doc>
<status status="PASS" starttime="20220930 07:46:12.126" endtime="20220930 07:46:12.235"/>
</kw>
<kw name="Catenate" library="BuiltIn">
<var>${screenshotFileName}</var>
<arg>${screenShotFilePath}/Plugin_Detection_Result{index}.png</arg>
<doc>Catenates the given items together and returns the resulted string.</doc>
<msg timestamp="20220930 07:46:12.236" level="INFO">${screenshotFileName} = /home/kali/Documents/VAPT_Automation/Screenshots/Plugin_Detection_Result{index}.png</msg>
<status status="PASS" starttime="20220930 07:46:12.235" endtime="20220930 07:46:12.236"/>
</kw>
<kw name="Take Screenshot" library="Screenshot">
<arg>${screenshotFileName}</arg>
<doc>Takes a screenshot in JPEG format and embeds it into the log file.</doc>
<msg timestamp="20220930 07:46:12.256" level="INFO" html="true">&lt;a href="../Screenshots/Plugin_Detection_Result%7Bindex%7D.png_50.jpg"&gt;&lt;img src="../Screenshots/Plugin_Detection_Result%7Bindex%7D.png_50.jpg" width="800px"&gt;&lt;/a&gt;</msg>
<status status="PASS" starttime="20220930 07:46:12.236" endtime="20220930 07:46:12.256"/>
</kw>
<kw name="Close Browser" library="RPA.Browser">
<doc>Closes the current browser.</doc>
<status status="PASS" starttime="20220930 07:46:12.257" endtime="20220930 07:46:12.317"/>
</kw>
<status status="PASS" starttime="20220930 07:46:10.222" endtime="20220930 07:46:12.318"/>
</iter>
<iter>
<var name="${element}">wp-cron.php</var>
<kw name="Catenate" library="BuiltIn">
<var>${appendUrl}</var>
<arg>${Url}${element}</arg>
<doc>Catenates the given items together and returns the resulted string.</doc>
<msg timestamp="20220930 07:46:12.319" level="INFO">${appendUrl} = https://www.tnpconsultants.com/wp-cron.php</msg>
<status status="PASS" starttime="20220930 07:46:12.318" endtime="20220930 07:46:12.319"/>
</kw>
<kw name="Log To Console" library="BuiltIn">
<arg>${appendUrl}</arg>
<doc>Logs the given message to the console.</doc>
<status status="PASS" starttime="20220930 07:46:12.319" endtime="20220930 07:46:12.320"/>
</kw>
<kw name="Open Available Browser" library="RPA.Browser">
<arg>${appendUrl}</arg>
<doc>Attempts to open a browser on the user's device from a set of
supported browsers. Automatically downloads a corresponding webdriver
if none is already installed.</doc>
<msg timestamp="20220930 07:46:12.321" level="INFO">Creating an instance of the Chrome WebDriver.</msg>
<msg timestamp="20220930 07:46:12.327" level="INFO">====== WebDriver manager ======</msg>
<msg timestamp="20220930 07:46:12.651" level="INFO">Creating an instance of the Chrome WebDriver.</msg>
<msg timestamp="20220930 07:46:13.531" level="INFO">Created Chrome browser with arguments: --disable-dev-shm-usage --disable-web-security --allow-running-insecure-content --no-sandbox</msg>
<msg timestamp="20220930 07:46:13.532" level="INFO" html="true">&lt;p&gt;Attempted combinations:&lt;/p&gt;&lt;div class="doc"&gt;&lt;table&gt;&lt;tr&gt;&lt;th&gt;Browser&lt;/th&gt;&lt;th&gt;Download&lt;/th&gt;&lt;th&gt;Error&lt;/th&gt;&lt;/tr&gt;&lt;tr&gt;&lt;td&gt;Chrome&lt;/td&gt;&lt;td&gt;False&lt;/td&gt;&lt;td&gt;Message: 'chromedriver' executable needs to be in PATH. Please see https://chromedriver.chromium.org/home
&lt;/td&gt;&lt;/tr&gt;&lt;tr&gt;&lt;td&gt;Chrome&lt;/td&gt;&lt;td&gt;True&lt;/td&gt;&lt;td&gt;&lt;/td&gt;&lt;/tr&gt;&lt;/table&gt;&lt;/div&gt;</msg>
<msg timestamp="20220930 07:46:13.532" level="INFO">Opening url 'https://www.tnpconsultants.com/wp-cron.php'</msg>
<status status="PASS" starttime="20220930 07:46:12.320" endtime="20220930 07:46:14.183"/>
</kw>
<kw name="Maximize Browser Window" library="RPA.Browser">
<doc>Maximizes current browser window.</doc>
<status status="PASS" starttime="20220930 07:46:14.183" endtime="20220930 07:46:14.290"/>
</kw>
<kw name="Catenate" library="BuiltIn">
<var>${screenshotFileName}</var>
<arg>${screenShotFilePath}/Plugin_Detection_Result{index}.png</arg>
<doc>Catenates the given items together and returns the resulted string.</doc>
<msg timestamp="20220930 07:46:14.291" level="INFO">${screenshotFileName} = /home/kali/Documents/VAPT_Automation/Screenshots/Plugin_Detection_Result{index}.png</msg>
<status status="PASS" starttime="20220930 07:46:14.290" endtime="20220930 07:46:14.291"/>
</kw>
<kw name="Take Screenshot" library="Screenshot">
<arg>${screenshotFileName}</arg>
<doc>Takes a screenshot in JPEG format and embeds it into the log file.</doc>
<msg timestamp="20220930 07:46:14.312" level="INFO" html="true">&lt;a href="../Screenshots/Plugin_Detection_Result%7Bindex%7D.png_51.jpg"&gt;&lt;img src="../Screenshots/Plugin_Detection_Result%7Bindex%7D.png_51.jpg" width="800px"&gt;&lt;/a&gt;</msg>
<status status="PASS" starttime="20220930 07:46:14.291" endtime="20220930 07:46:14.312"/>
</kw>
<kw name="Close Browser" library="RPA.Browser">
<doc>Closes the current browser.</doc>
<status status="PASS" starttime="20220930 07:46:14.312" endtime="20220930 07:46:14.374"/>
</kw>
<status status="PASS" starttime="20220930 07:46:12.318" endtime="20220930 07:46:14.374"/>
</iter>
<iter>
<var name="${element}">wp-links-opml.php</var>
<kw name="Catenate" library="BuiltIn">
<var>${appendUrl}</var>
<arg>${Url}${element}</arg>
<doc>Catenates the given items together and returns the resulted string.</doc>
<msg timestamp="20220930 07:46:14.376" level="INFO">${appendUrl} = https://www.tnpconsultants.com/wp-links-opml.php</msg>
<status status="PASS" starttime="20220930 07:46:14.375" endtime="20220930 07:46:14.376"/>
</kw>
<kw name="Log To Console" library="BuiltIn">
<arg>${appendUrl}</arg>
<doc>Logs the given message to the console.</doc>
<status status="PASS" starttime="20220930 07:46:14.376" endtime="20220930 07:46:14.376"/>
</kw>
<kw name="Open Available Browser" library="RPA.Browser">
<arg>${appendUrl}</arg>
<doc>Attempts to open a browser on the user's device from a set of
supported browsers. Automatically downloads a corresponding webdriver
if none is already installed.</doc>
<msg timestamp="20220930 07:46:14.377" level="INFO">Creating an instance of the Chrome WebDriver.</msg>
<msg timestamp="20220930 07:46:14.384" level="INFO">====== WebDriver manager ======</msg>
<msg timestamp="20220930 07:46:14.687" level="INFO">Creating an instance of the Chrome WebDriver.</msg>
<msg timestamp="20220930 07:46:15.584" level="INFO">Created Chrome browser with arguments: --disable-dev-shm-usage --disable-web-security --allow-running-insecure-content --no-sandbox</msg>
<msg timestamp="20220930 07:46:15.585" level="INFO" html="true">&lt;p&gt;Attempted combinations:&lt;/p&gt;&lt;div class="doc"&gt;&lt;table&gt;&lt;tr&gt;&lt;th&gt;Browser&lt;/th&gt;&lt;th&gt;Download&lt;/th&gt;&lt;th&gt;Error&lt;/th&gt;&lt;/tr&gt;&lt;tr&gt;&lt;td&gt;Chrome&lt;/td&gt;&lt;td&gt;False&lt;/td&gt;&lt;td&gt;Message: 'chromedriver' executable needs to be in PATH. Please see https://chromedriver.chromium.org/home
&lt;/td&gt;&lt;/tr&gt;&lt;tr&gt;&lt;td&gt;Chrome&lt;/td&gt;&lt;td&gt;True&lt;/td&gt;&lt;td&gt;&lt;/td&gt;&lt;/tr&gt;&lt;/table&gt;&lt;/div&gt;</msg>
<msg timestamp="20220930 07:46:15.585" level="INFO">Opening url 'https://www.tnpconsultants.com/wp-links-opml.php'</msg>
<status status="PASS" starttime="20220930 07:46:14.376" endtime="20220930 07:46:16.409"/>
</kw>
<kw name="Maximize Browser Window" library="RPA.Browser">
<doc>Maximizes current browser window.</doc>
<status status="PASS" starttime="20220930 07:46:16.410" endtime="20220930 07:46:16.518"/>
</kw>
<kw name="Catenate" library="BuiltIn">
<var>${screenshotFileName}</var>
<arg>${screenShotFilePath}/Plugin_Detection_Result{index}.png</arg>
<doc>Catenates the given items together and returns the resulted string.</doc>
<msg timestamp="20220930 07:46:16.519" level="INFO">${screenshotFileName} = /home/kali/Documents/VAPT_Automation/Screenshots/Plugin_Detection_Result{index}.png</msg>
<status status="PASS" starttime="20220930 07:46:16.518" endtime="20220930 07:46:16.519"/>
</kw>
<kw name="Take Screenshot" library="Screenshot">
<arg>${screenshotFileName}</arg>
<doc>Takes a screenshot in JPEG format and embeds it into the log file.</doc>
<msg timestamp="20220930 07:46:16.539" level="INFO" html="true">&lt;a href="../Screenshots/Plugin_Detection_Result%7Bindex%7D.png_52.jpg"&gt;&lt;img src="../Screenshots/Plugin_Detection_Result%7Bindex%7D.png_52.jpg" width="800px"&gt;&lt;/a&gt;</msg>
<status status="PASS" starttime="20220930 07:46:16.519" endtime="20220930 07:46:16.539"/>
</kw>
<kw name="Close Browser" library="RPA.Browser">
<doc>Closes the current browser.</doc>
<status status="PASS" starttime="20220930 07:46:16.539" endtime="20220930 07:46:16.600"/>
</kw>
<status status="PASS" starttime="20220930 07:46:14.375" endtime="20220930 07:46:16.600"/>
</iter>
<iter>
<var name="${element}">wp-load.php</var>
<kw name="Catenate" library="BuiltIn">
<var>${appendUrl}</var>
<arg>${Url}${element}</arg>
<doc>Catenates the given items together and returns the resulted string.</doc>
<msg timestamp="20220930 07:46:16.601" level="INFO">${appendUrl} = https://www.tnpconsultants.com/wp-load.php</msg>
<status status="PASS" starttime="20220930 07:46:16.601" endtime="20220930 07:46:16.601"/>
</kw>
[...]
<status status="PASS" starttime="20220930 07:48:07.389" endtime="20220930 07:48:07.524"/>
</kw>
<kw name="Click Button" library="RPA.Browser">
<arg>//button[contains(text(),'Detect')]</arg>
<doc>Clicks the button identified by ``locator``.</doc>
<msg timestamp="20220930 07:48:07.525" level="INFO">Clicking button '//button[contains(text(),'Detect')]'.</msg>
<status status="PASS" starttime="20220930 07:48:07.525" endtime="20220930 07:48:23.809"/>
</kw>
<kw name="Sleep" library="BuiltIn">
<arg>2s</arg>
<doc>Pauses the test executed for the given time.</doc>
<msg timestamp="20220930 07:48:25.810" level="INFO">Slept 2 seconds</msg>
<status status="PASS" starttime="20220930 07:48:23.810" endtime="20220930 07:48:25.810"/>
</kw>
<kw name="Append To File" library="OperatingSystem">
<arg>${logFilePath}</arg>
<arg>clicked the detect button${\n}</arg>
<doc>Appends the given content to the specified file.</doc>
<msg timestamp="20220930 07:48:25.812" level="INFO" html="true">Appended to file '&lt;a href="file:///home/kali/Documents/VAPT_Automation/Logs/Log _ 20220930_074525 .txt"&gt;/home/kali/Documents/VAPT_Automation/Logs/Log _ 20220930_074525 .txt&lt;/a&gt;'.</msg>
<status status="PASS" starttime="20220930 07:48:25.811" endtime="20220930 07:48:25.812"/>
</kw>
<kw name="Catenate" library="BuiltIn">
<var>${screenshotFileName}</var>
<arg>${screenShotFilePath}/WP_Scan1.png</arg>
<doc>Catenates the given items together and returns the resulted string.</doc>
<msg timestamp="20220930 07:48:25.812" level="INFO">${screenshotFileName} = /home/kali/Documents/VAPT_Automation/Screenshots/WP_Scan1.png</msg>
<status status="PASS" starttime="20220930 07:48:25.812" endtime="20220930 07:48:25.812"/>
</kw>
<kw name="Capture Element Screenshot" library="RPA.Browser">
<arg>//body/div[4]/div[1]/div[2]/div[2]</arg>
<arg>${screenshotFileName}</arg>
<doc>Captures a screenshot from the element identified by ``locator`` and embeds it into log file.</doc>
<msg timestamp="20220930 07:48:25.946" level="INFO" html="true">&lt;/td&gt;&lt;/tr&gt;&lt;tr&gt;&lt;td colspan="3"&gt;&lt;a href="../Screenshots/WP_Scan1.png"&gt;&lt;img src="../Screenshots/WP_Scan1.png" width="400px"&gt;&lt;/a&gt;</msg>
<status status="PASS" starttime="20220930 07:48:25.812" endtime="20220930 07:48:25.946"/>
</kw>
<kw name="Sleep" library="BuiltIn">
<arg>2s</arg>
<doc>Pauses the test executed for the given time.</doc>
<msg timestamp="20220930 07:48:27.948" level="INFO">Slept 2 seconds</msg>
<status status="PASS" starttime="20220930 07:48:25.947" endtime="20220930 07:48:27.948"/>
</kw>
<kw name="Catenate" library="BuiltIn">
<var>${screenshotFileName}</var>
<arg>${screenShotFilePath}/WP_Scan2.png</arg>
<doc>Catenates the given items together and returns the resulted string.</doc>
<msg timestamp="20220930 07:48:27.949" level="INFO">${screenshotFileName} = /home/kali/Documents/VAPT_Automation/Screenshots/WP_Scan2.png</msg>
<status status="PASS" starttime="20220930 07:48:27.949" endtime="20220930 07:48:27.949"/>
</kw>
<kw name="Capture Element Screenshot" library="RPA.Browser">
<arg>//div[@class="plugin-results-container"]</arg>
<arg>${screenshotFileName}</arg>
<doc>Captures a screenshot from the element identified by ``locator`` and embeds it into log file.</doc>
<msg timestamp="20220930 07:48:28.054" level="INFO" html="true">&lt;/td&gt;&lt;/tr&gt;&lt;tr&gt;&lt;td colspan="3"&gt;&lt;a href="../Screenshots/WP_Scan2.png"&gt;&lt;img src="../Screenshots/WP_Scan2.png" width="400px"&gt;&lt;/a&gt;</msg>
<status status="PASS" starttime="20220930 07:48:27.949" endtime="20220930 07:48:28.054"/>
</kw>
<kw name="Close Browser" library="RPA.Browser">
<doc>Closes the current browser.</doc>
<status status="PASS" starttime="20220930 07:48:28.054" endtime="20220930 07:48:28.128"/>
</kw>
<status status="PASS" starttime="20220930 07:48:03.184" endtime="20220930 07:48:28.128"/>
</kw>
<status status="PASS" starttime="20220930 07:48:03.182" endtime="20220930 07:48:28.128"/>
</iter>
<iter>
<var name="${url}">https://www.sonymusic.com/</var>
<kw name="Append To File" library="OperatingSystem">
<arg>${logFilePath}</arg>
<arg>Excecuting WP scan for ${url}${\n}</arg>
<doc>Appends the given content to the specified file.</doc>
<msg timestamp="20220930 07:48:28.131" level="INFO" html="true">Appended to file '&lt;a href="file:///home/kali/Documents/VAPT_Automation/Logs/Log _ 20220930_074525 .txt"&gt;/home/kali/Documents/VAPT_Automation/Logs/Log _ 20220930_074525 .txt&lt;/a&gt;'.</msg>
<status status="PASS" starttime="20220930 07:48:28.129" endtime="20220930 07:48:28.131"/>
</kw>
<kw name="WP SCAN">
<arg>${logFilePath}</arg>
<arg>${url}</arg>
<kw name="Append To File" library="OperatingSystem">
<arg>${logFilePath}</arg>
<arg>Open the Website ${pulginDetectionUrl} ${\n}</arg>
<doc>Appends the given content to the specified file.</doc>
<msg timestamp="20220930 07:48:28.133" level="INFO" html="true">Appended to file '&lt;a href="file:///home/kali/Documents/VAPT_Automation/Logs/Log _ 20220930_074525 .txt"&gt;/home/kali/Documents/VAPT_Automation/Logs/Log _ 20220930_074525 .txt&lt;/a&gt;'.</msg>
<status status="PASS" starttime="20220930 07:48:28.132" endtime="20220930 07:48:28.133"/>
</kw>
<kw name="Open Available Browser" library="RPA.Browser">
<arg>${pulginDetectionUrl}</arg>
<doc>Attempts to open a browser on the user's device from a set of
supported browsers. Automatically downloads a corresponding webdriver
if none is already installed.</doc>
<msg timestamp="20220930 07:48:28.134" level="INFO">Creating an instance of the Chrome WebDriver.</msg>
<msg timestamp="20220930 07:48:28.140" level="INFO">====== WebDriver manager ======</msg>
<msg timestamp="20220930 07:48:28.542" level="INFO">Creating an instance of the Chrome WebDriver.</msg>
<msg timestamp="20220930 07:48:29.431" level="INFO">Created Chrome browser with arguments: --disable-dev-shm-usage --disable-web-security --allow-running-insecure-content --no-sandbox</msg>
<msg timestamp="20220930 07:48:29.431" level="INFO" html="true">&lt;p&gt;Attempted combinations:&lt;/p&gt;&lt;div class="doc"&gt;&lt;table&gt;&lt;tr&gt;&lt;th&gt;Browser&lt;/th&gt;&lt;th&gt;Download&lt;/th&gt;&lt;th&gt;Error&lt;/th&gt;&lt;/tr&gt;&lt;tr&gt;&lt;td&gt;Chrome&lt;/td&gt;&lt;td&gt;False&lt;/td&gt;&lt;td&gt;Message: 'chromedriver' executable needs to be in PATH. Please see https://chromedriver.chromium.org/home
&lt;/td&gt;&lt;/tr&gt;&lt;tr&gt;&lt;td&gt;Chrome&lt;/td&gt;&lt;td&gt;True&lt;/td&gt;&lt;td&gt;&lt;/td&gt;&lt;/tr&gt;&lt;/table&gt;&lt;/div&gt;</msg>
<msg timestamp="20220930 07:48:29.431" level="INFO">Opening url 'https://scanwp.net/'</msg>
<status status="PASS" starttime="20220930 07:48:28.133" endtime="20220930 07:48:31.666"/>
</kw>
<kw name="Maximize Browser Window" library="RPA.Browser">
<doc>Maximizes current browser window.</doc>
<status status="PASS" starttime="20220930 07:48:31.667" endtime="20220930 07:48:31.918"/>
</kw>
<kw name="Wait Until Element Is Visible" library="RPA.Browser">
<arg>url</arg>
<doc>Waits until the element ``locator`` is visible.</doc>
<status status="PASS" starttime="20220930 07:48:31.919" endtime="20220930 07:48:31.956"/>
</kw>
<kw name="Input Text" library="RPA.Browser">
<arg>url</arg>
<arg>${url}</arg>
<doc>Types the given ``text`` into the text field identified by ``locator``.</doc>
<msg timestamp="20220930 07:48:31.957" level="INFO">Typing text 'https://www.sonymusic.com/' into text field 'url'.</msg>
<status status="PASS" starttime="20220930 07:48:31.957" endtime="20220930 07:48:32.087"/>
</kw>
<kw name="Click Button" library="RPA.Browser">
<arg>//button[contains(text(),'Detect')]</arg>
<doc>Clicks the button identified by ``locator``.</doc>
<msg timestamp="20220930 07:48:32.088" level="INFO">Clicking button '//button[contains(text(),'Detect')]'.</msg>
<status status="PASS" starttime="20220930 07:48:32.087" endtime="20220930 07:48:48.273"/>
</kw>
<kw name="Sleep" library="BuiltIn">
<arg>2s</arg>
<doc>Pauses the test executed for the given time.</doc>
<msg timestamp="20220930 07:48:50.275" level="INFO">Slept 2 seconds</msg>
<status status="PASS" starttime="20220930 07:48:48.273" endtime="20220930 07:48:50.275"/>
</kw>
<kw name="Append To File" library="OperatingSystem">
<arg>${logFilePath}</arg>
<arg>clicked the detect button${\n}</arg>
<doc>Appends the given content to the specified file.</doc>
<msg timestamp="20220930 07:48:50.276" level="INFO" html="true">Appended to file '&lt;a href="file:///home/kali/Documents/VAPT_Automation/Logs/Log _ 20220930_074525 .txt"&gt;/home/kali/Documents/VAPT_Automation/Logs/Log _ 20220930_074525 .txt&lt;/a&gt;'.</msg>
<status status="PASS" starttime="20220930 07:48:50.275" endtime="20220930 07:48:50.277"/>
</kw>
<kw name="Catenate" library="BuiltIn">
<var>${screenshotFileName}</var>
<arg>${screenShotFilePath}/WP_Scan1.png</arg>
<doc>Catenates the given items together and returns the resulted string.</doc>
<msg timestamp="20220930 07:48:50.277" level="INFO">${screenshotFileName} = /home/kali/Documents/VAPT_Automation/Screenshots/WP_Scan1.png</msg>
<status status="PASS" starttime="20220930 07:48:50.277" endtime="20220930 07:48:50.277"/>
</kw>
<kw name="Capture Element Screenshot" library="RPA.Browser">
<arg>//body/div[4]/div[1]/div[2]/div[2]</arg>
<arg>${screenshotFileName}</arg>
<doc>Captures a screenshot from the element identified by ``locator`` and embeds it into log file.</doc>
<msg timestamp="20220930 07:48:50.408" level="INFO" html="true">&lt;/td&gt;&lt;/tr&gt;&lt;tr&gt;&lt;td colspan="3"&gt;&lt;a href="../Screenshots/WP_Scan1.png"&gt;&lt;img src="../Screenshots/WP_Scan1.png" width="400px"&gt;&lt;/a&gt;</msg>
<status status="PASS" starttime="20220930 07:48:50.278" endtime="20220930 07:48:50.408"/>
</kw>
<kw name="Sleep" library="BuiltIn">
<arg>2s</arg>
<doc>Pauses the test executed for the given time.</doc>
<msg timestamp="20220930 07:48:52.411" level="INFO">Slept 2 seconds</msg>
<status status="PASS" starttime="20220930 07:48:50.409" endtime="20220930 07:48:52.411"/>
</kw>
<kw name="Catenate" library="BuiltIn">
<var>${screenshotFileName}</var>
<arg>${screenShotFilePath}/WP_Scan2.png</arg>
<doc>Catenates the given items together and returns the resulted string.</doc>
<msg timestamp="20220930 07:48:52.412" level="INFO">${screenshotFileName} = /home/kali/Documents/VAPT_Automation/Screenshots/WP_Scan2.png</msg>
<status status="PASS" starttime="20220930 07:48:52.412" endtime="20220930 07:48:52.413"/>
</kw>
<kw name="Capture Element Screenshot" library="RPA.Browser">
<arg>//div[@class="plugin-results-container"]</arg>
<arg>${screenshotFileName}</arg>
<doc>Captures a screenshot from the element identified by ``locator`` and embeds it into log file.</doc>
<msg timestamp="20220930 07:48:52.480" level="INFO" html="true">&lt;/td&gt;&lt;/tr&gt;&lt;tr&gt;&lt;td colspan="3"&gt;&lt;a href="../Screenshots/WP_Scan2.png"&gt;&lt;img src="../Screenshots/WP_Scan2.png" width="400px"&gt;&lt;/a&gt;</msg>
<status status="PASS" starttime="20220930 07:48:52.413" endtime="20220930 07:48:52.480"/>
</kw>
<kw name="Close Browser" library="RPA.Browser">
<doc>Closes the current browser.</doc>
<status status="PASS" starttime="20220930 07:48:52.481" endtime="20220930 07:48:52.550"/>
</kw>
<status status="PASS" starttime="20220930 07:48:28.131" endtime="20220930 07:48:52.550"/>
</kw>
<status status="PASS" starttime="20220930 07:48:28.129" endtime="20220930 07:48:52.550"/>
</iter>
<status status="PASS" starttime="20220930 07:48:03.181" endtime="20220930 07:48:52.550"/>
</for>
<status status="PASS" starttime="20220930 07:48:03.181" endtime="20220930 07:48:52.551"/>
</branch>
<status status="PASS" starttime="20220930 07:48:03.181" endtime="20220930 07:48:52.551"/>
</if>
<status status="PASS" starttime="20220930 07:48:03.176" endtime="20220930 07:48:52.551"/>
</branch>
<branch type="ELSE">
<kw name="Append To File" library="OperatingSystem">
<arg>${logFilePath}</arg>
<arg>no need to carry out ${typeOfTesting}${\n}</arg>
<doc>Appends the given content to the specified file.</doc>
<status status="NOT RUN" starttime="20220930 07:48:52.552" endtime="20220930 07:48:52.552"/>
</kw>
<status status="NOT RUN" starttime="20220930 07:48:52.552" endtime="20220930 07:48:52.552"/>
</branch>
<status status="PASS" starttime="20220930 07:48:03.175" endtime="20220930 07:48:52.552"/>
</if>
<status status="PASS" starttime="20220930 07:48:03.165" endtime="20220930 07:48:52.553"/>
</iter>
<iter>
<var name="${testcase}">Cross site scripting,NO</var>
<kw name="Split String" library="String">
<var>${value}</var>
<arg>${testcase}</arg>
<arg>,</arg>
<doc>Splits the ``string`` using ``separator`` as a delimiter string.</doc>
<msg timestamp="20220930 07:48:52.554" level="INFO">${value} = ['Cross site scripting', 'NO']</msg>
<status status="PASS" starttime="20220930 07:48:52.553" endtime="20220930 07:48:52.554"/>
</kw>
<kw name="Append To File" library="OperatingSystem">
<arg>${logFilePath}</arg>
<arg>Test case status:@{value}${\n}</arg>
<doc>Appends the given content to the specified file.</doc>
<msg timestamp="20220930 07:48:52.555" level="INFO" html="true">Appended to file '&lt;a href="file:///home/kali/Documents/VAPT_Automation/Logs/Log _ 20220930_074525 .txt"&gt;/home/kali/Documents/VAPT_Automation/Logs/Log _ 20220930_074525 .txt&lt;/a&gt;'.</msg>
<status status="PASS" starttime="20220930 07:48:52.555" endtime="20220930 07:48:52.555"/>
</kw>
<kw name="Get From List" library="Collections">
<var>${typeOfTesting}</var>
<arg>${value}</arg>
<arg>0</arg>
<doc>Returns the value specified with an ``index`` from ``list``.</doc>
<msg timestamp="20220930 07:48:52.556" level="INFO">${typeOfTesting} = Cross site scripting</msg>
<status status="PASS" starttime="20220930 07:48:52.556" endtime="20220930 07:48:52.556"/>
</kw>
<kw name="Log To Console" library="BuiltIn">
<arg>${typeOfTesting}</arg>
<doc>Logs the given message to the console.</doc>
<status status="PASS" starttime="20220930 07:48:52.557" endtime="20220930 07:48:52.557"/>
</kw>
<kw name="Get From List" library="Collections">
<var>${flagValue}</var>
<arg>${value}</arg>
<arg>1</arg>
<doc>Returns the value specified with an ``index`` from ``list``.</doc>
<msg timestamp="20220930 07:48:52.558" level="INFO">${flagValue} = NO</msg>
<status status="PASS" starttime="20220930 07:48:52.557" endtime="20220930 07:48:52.558"/>
</kw>
<kw name="Log To Console" library="BuiltIn">
<arg>${flagValue}</arg>
<doc>Logs the given message to the console.</doc>
<status status="PASS" starttime="20220930 07:48:52.558" endtime="20220930 07:48:52.559"/>
</kw>
<if>
<branch type="IF" condition="&quot;${flagValue}&quot; == &quot;YES&quot;">
<if>
<branch type="IF" condition="'${typeOfTesting}' =='CMS Detection'">
<for flavor="IN">
<var>${url}</var>
<value>@{targetUrlList}</value>
<iter>
<var name="${url}"/>
<kw name="Append To File" library="OperatingSystem">
<arg>${logFilePath}</arg>
<arg>Excecuting CMS detection for ${url}${\n}</arg>
<doc>Appends the given content to the specified file.</doc>
<status status="NOT RUN" starttime="20220930 07:48:52.561" endtime="20220930 07:48:52.561"/>
</kw>
<kw name="CMS Detection">
<arg>${url}</arg>
<arg>${logFilePath}</arg>
<status status="NOT RUN" starttime="20220930 07:48:52.561" endtime="20220930 07:48:52.561"/>
</kw>
<status status="NOT RUN" starttime="20220930 07:48:52.560" endtime="20220930 07:48:52.562"/>
</iter>
<status status="NOT RUN" starttime="20220930 07:48:52.560" endtime="20220930 07:48:52.562"/>
</for>
<status status="NOT RUN" starttime="20220930 07:48:52.560" endtime="20220930 07:48:52.562"/>
</branch>
<status status="NOT RUN" starttime="20220930 07:48:52.560" endtime="20220930 07:48:52.562"/>
</if>
<if>
<branch type="IF" condition="'${typeOfTesting}' =='Plugin Detection'">
<for flavor="IN">
<var>${url}</var>
<value>@{targetUrlList}</value>
<iter>
<var name="${url}"/>
<kw name="Append To File" library="OperatingSystem">
<arg>${logFilePath}</arg>
<arg>Excecuting Plugin detection for ${url}${\n}</arg>
<doc>Appends the given content to the specified file.</doc>
<status status="NOT RUN" starttime="20220930 07:48:52.562" endtime="20220930 07:48:52.562"/>
</kw>
<kw name="Plugin Detection">
<arg>${Url}</arg>
<arg>${logFilePath}</arg>
<status status="NOT RUN" starttime="20220930 07:48:52.562" endtime="20220930 07:48:52.563"/>
</kw>
<status status="NOT RUN" starttime="20220930 07:48:52.562" endtime="20220930 07:48:52.563"/>
</iter>
<status status="NOT RUN" starttime="20220930 07:48:52.562" endtime="20220930 07:48:52.563"/>
</for>
<status status="NOT RUN" starttime="20220930 07:48:52.562" endtime="20220930 07:48:52.563"/>
</branch>
<status status="NOT RUN" starttime="20220930 07:48:52.562" endtime="20220930 07:48:52.563"/>
</if>
<if>
<branch type="IF" condition="'${typeOfTesting}' =='WP SCAN'">
<for flavor="IN">
<var>${url}</var>
<value>@{targetUrlList}</value>
<iter>
<var name="${url}"/>
<kw name="Append To File" library="OperatingSystem">
<arg>${logFilePath}</arg>
<arg>Excecuting WP scan for ${url}${\n}</arg>
<doc>Appends the given content to the specified file.</doc>
<status status="NOT RUN" starttime="20220930 07:48:52.563" endtime="20220930 07:48:52.563"/>
</kw>
<kw name="WP SCAN">
<arg>${logFilePath}</arg>
<arg>${url}</arg>
<status status="NOT RUN" starttime="20220930 07:48:52.564" endtime="20220930 07:48:52.564"/>
</kw>
<status status="NOT RUN" starttime="20220930 07:48:52.563" endtime="20220930 07:48:52.564"/>
</iter>
<status status="NOT RUN" starttime="20220930 07:48:52.563" endtime="20220930 07:48:52.564"/>
</for>
<status status="NOT RUN" starttime="20220930 07:48:52.563" endtime="20220930 07:48:52.564"/>
</branch>
<status status="NOT RUN" starttime="20220930 07:48:52.563" endtime="20220930 07:48:52.564"/>
</if>
<status status="NOT RUN" starttime="20220930 07:48:52.560" endtime="20220930 07:48:52.564"/>
</branch>
<branch type="ELSE">
<kw name="Append To File" library="OperatingSystem">
<arg>${logFilePath}</arg>
<arg>no need to carry out ${typeOfTesting}${\n}</arg>
<doc>Appends the given content to the specified file.</doc>
<msg timestamp="20220930 07:48:52.566" level="INFO" html="true">Appended to file '&lt;a href="file:///home/kali/Documents/VAPT_Automation/Logs/Log _ 20220930_074525 .txt"&gt;/home/kali/Documents/VAPT_Automation/Logs/Log _ 20220930_074525 .txt&lt;/a&gt;'.</msg>
<status status="PASS" starttime="20220930 07:48:52.564" endtime="20220930 07:48:52.566"/>
</kw>
<status status="PASS" starttime="20220930 07:48:52.564" endtime="20220930 07:48:52.567"/>
</branch>
<status status="PASS" starttime="20220930 07:48:52.559" endtime="20220930 07:48:52.567"/>
</if>
<status status="PASS" starttime="20220930 07:48:52.553" endtime="20220930 07:48:52.567"/>
</iter>
<status status="PASS" starttime="20220930 07:45:25.807" endtime="20220930 07:48:52.567"/>
</for>
<status status="PASS" starttime="20220930 07:45:25.805" endtime="20220930 07:48:52.567"/>
</kw>
<status status="PASS" starttime="20220930 07:45:25.790" endtime="20220930 07:48:52.568"/>
</test>
<doc>VAPT Automation</doc>
<status status="PASS" starttime="20220930 07:45:24.289" endtime="20220930 07:48:52.569"/>
</suite>
<statistics>
<total>
<stat pass="1" fail="0" skip="0">All Tasks</stat>
</total>
<tag>
</tag>
<suite>
<stat pass="1" fail="0" skip="0" id="s1" name="Tasks">Tasks</stat>
</suite>
</statistics>
<errors>
<msg timestamp="20220930 07:45:24.430" level="WARN">RPA.Desktop.Windows library works only on Windows platform</msg>
<msg timestamp="20220930 07:45:24.432" level="WARN">/home/kali/.robocorp/holotree/5ef7058_b1f3c24_1c0bc041/lib/python3.9/site-packages/RPA/Desktop/Windows.py:209: FutureWarning: `RPA.Desktop.Windows` got deprecated and will be no longer maintained, please use `RPA.Windows` instead (https://robocorp.com/docs/libraries/rpa-framework/rpa-windows)
  deprecation(
</msg>
<msg timestamp="20220930 07:45:24.980" level="WARN">This is a deprecated import that will be removed in favor of RPA.Browser.Selenium</msg>
<msg timestamp="20220930 07:45:25.788" level="WARN">No input work items file found: None</msg>
</errors>
</robot>
